<?xml version="1.0" encoding="utf-8"?>
<TestRun id="6f70ed76-2016-4712-b59c-602174ae7cbf" name="admin@BABYKRISH 2026-08-13 12:03:09" runUser="BABYKRISH\admin" xmlns="http://microsoft.com/schemas/VisualStudio/TeamTest/2010">
  <Times creation="2026-08-13T12:03:09.9447294+05:30" queuing="2026-08-13T12:03:09.9447298+05:30" start="2026-08-13T12:02:41.5553780+05:30" finish="2026-08-13T12:03:56.1537713+05:30" />
  <TestSettings name="default" id="bd7afde2-bd74-4608-83ac-4eff652cdb2b">
    <Deployment runDeploymentRoot="admin_BABYKRISH_2026-08-13_12_03_09" />
  </TestSettings>
  <Results>
    <UnitTestResult executionId="49fd9f3d-dfa9-457d-b4d4-6b7c75d7d4ae" testId="33ebfd05-3ce0-d627-eaab-caab23715aaa" testName="Quotes.Tests.Integration.Testcontainers.CollectionEndpointTests.DeleteCollectionItem_WithoutWriteScope_ReturnsForbidden" computerName="BABYKRISH" duration="00:00:01.1134364" startTime="2026-08-13T12:03:28.9412222+05:30" endTime="2026-08-13T12:03:28.9412224+05:30" testType="13cdc9d9-ddb5-4fa4-a97d-d965ccfc6d4b" outcome="Passed" testListId="8c84fa94-04c1-424b-9868-57a2d4851a1d" relativeResultsDirectory="49fd9f3d-dfa9-457d-b4d4-6b7c75d7d4ae" />
    <UnitTestResult executionId="9e0e6be0-8329-4f2d-b1cf-92e417bc4c9d" testId="6adf66d1-c053-d4ea-76b8-1e9f1dd89fd5" testName="Quotes.Tests.Integration.Testcontainers.QuotesEndpointTests.GetQuotes_WhenDatabaseEmpty_ReturnsEmptyPage" computerName="BABYKRISH" duration="00:00:01.0760931" startTime="2026-08-13T12:03:42.2439875+05:30" endTime="2026-08-13T12:03:42.2439876+05:30" testType="13cdc9d9-ddb5-4fa4-a97d-d965ccfc6d4b" outcome="Passed" testListId="8c84fa94-04c1-424b-9868-57a2d4851a1d" relativeResultsDirectory="9e0e6be0-8329-4f2d-b1cf-92e417bc4c9d" />
    <UnitTestResult executionId="a368f67c-a068-4843-a2f8-cc81f740c5d1" testId="e659ca3b-47a6-3cfb-1ea2-2aaa85cd9b7e" testName="Quotes.Tests.Integration.Testcontainers.AuthEndpointTests.Login_WithInvalidPassword_ReturnsUnauthorized" computerName="BABYKRISH" duration="00:00:01.2558700" startTime="2026-08-13T12:03:20.7919461+05:30" endTime="2026-08-13T12:03:20.7919464+05:30" testType="13cdc9d9-ddb5-4fa4-a97d-d965ccfc6d4b" outcome="Passed" testListId="8c84fa94-04c1-424b-9868-57a2d4851a1d" relativeResultsDirectory="a368f67c-a068-4843-a2f8-cc81f740c5d1" />
    <UnitTestResult executionId="8d104041-5599-4122-8319-80c511512f56" testId="edb4ab9a-83dd-214a-2fb9-a1499796d1c0" testName="Quotes.Tests.Integration.Testcontainers.AuthEndpointTests.Login_WithUnknownEmail_ReturnsUnauthorized" computerName="BABYKRISH" duration="00:00:01.4748219" startTime="2026-08-13T12:03:15.8017808+05:30" endTime="2026-08-13T12:03:15.8017810+05:30" testType="13cdc9d9-ddb5-4fa4-a97d-d965ccfc6d4b" outcome="Passed" testListId="8c84fa94-04c1-424b-9868-57a2d4851a1d" relativeResultsDirectory="8d104041-5599-4122-8319-80c511512f56" />
    <UnitTestResult executionId="5a10a6aa-80d7-4e5d-8614-31f564773fe6" testId="b550e284-9770-de7a-ccd9-8d6458cf4bc5" testName="Quotes.Tests.Integration.Testcontainers.QuotesEndpointTests.DeleteQuote_WhenQuoteDoesNotExist_ReturnsNotFound" computerName="BABYKRISH" duration="00:00:01.0974024" startTime="2026-08-13T12:03:44.5307618+05:30" endTime="2026-08-13T12:03:44.5307620+05:30" testType="13cdc9d9-ddb5-4fa4-a97d-d965ccfc6d4b" outcome="Passed" testListId="8c84fa94-04c1-424b-9868-57a2d4851a1d" relativeResultsDirectory="5a10a6aa-80d7-4e5d-8614-31f564773fe6" />
    <UnitTestResult executionId="ae1113bb-7c3e-46e4-861f-b047cf9f36e5" testId="15eb95d7-41bf-b29b-c645-56c1d2ea061d" testName="Quotes.Tests.Integration.Testcontainers.QuotesEndpointTests.PostQuote_WithInvalidPayload_ReturnsValidationProblemDetails" computerName="BABYKRISH" duration="00:00:01.0911968" startTime="2026-08-13T12:03:48.9394868+05:30" endTime="2026-08-13T12:03:48.9394871+05:30" testType="13cdc9d9-ddb5-4fa4-a97d-d965ccfc6d4b" outcome="Passed" testListId="8c84fa94-04c1-424b-9868-57a2d4851a1d" relativeResultsDirectory="ae1113bb-7c3e-46e4-861f-b047cf9f36e5" />
    <UnitTestResult executionId="6d8c2419-8d5a-4a41-88ce-5eb2d99cfcec" testId="02878490-1a56-3f4f-a223-29fddf04d304" testName="Quotes.Tests.Integration.Testcontainers.AuthEndpointTests.Refresh_WithReusedRefreshToken_ReturnsUnauthorized" computerName="BABYKRISH" duration="00:00:01.3620495" startTime="2026-08-13T12:03:19.5353147+05:30" endTime="2026-08-13T12:03:19.5353150+05:30" testType="13cdc9d9-ddb5-4fa4-a97d-d965ccfc6d4b" outcome="Passed" testListId="8c84fa94-04c1-424b-9868-57a2d4851a1d" relativeResultsDirectory="6d8c2419-8d5a-4a41-88ce-5eb2d99cfcec" />
    <UnitTestResult executionId="2c329e88-9710-47f0-8142-5b567bf842bf" testId="8ada1737-ceef-6fcf-3f8f-a1ce6ff9dc8c" testName="Quotes.Tests.Integration.Testcontainers.DatabaseTests.Database_OnStartup_AppliesAllMigrations" computerName="BABYKRISH" duration="00:00:01.1324910" startTime="2026-08-13T12:03:38.9958439+05:30" endTime="2026-08-13T12:03:38.9958441+05:30" testType="13cdc9d9-ddb5-4fa4-a97d-d965ccfc6d4b" outcome="Passed" testListId="8c84fa94-04c1-424b-9868-57a2d4851a1d" relativeResultsDirectory="2c329e88-9710-47f0-8142-5b567bf842bf" />
    <UnitTestResult executionId="db841a9b-1d47-4d46-b50f-54426bbcccca" testId="8e1bfa8c-635e-681a-b42f-2a1e9bf0c0aa" testName="Quotes.Tests.Integration.Testcontainers.SqlServerSpecificTests.Quote_WrittenThroughApi_IsReadableFromABrandNewPhysicalConnection" computerName="BABYKRISH" duration="00:00:01.1229326" startTime="2026-08-13T12:03:55.4729826+05:30" endTime="2026-08-13T12:03:55.4729829+05:30" testType="13cdc9d9-ddb5-4fa4-a97d-d965ccfc6d4b" outcome="Passed" testListId="8c84fa94-04c1-424b-9868-57a2d4851a1d" relativeResultsDirectory="db841a9b-1d47-4d46-b50f-54426bbcccca" />
    <UnitTestResult executionId="f7d0cefc-f462-42b0-96d2-8e15992a8107" testId="4edf0a16-8565-63ec-45af-f30dc5119c1f" testName="Quotes.Tests.Integration.Testcontainers.QuotesEndpointTests.DeleteQuote_AsOwner_ReturnsNoContent" computerName="BABYKRISH" duration="00:00:01.1880034" startTime="2026-08-13T12:03:43.4326241+05:30" endTime="2026-08-13T12:03:43.4326243+05:30" testType="13cdc9d9-ddb5-4fa4-a97d-d965ccfc6d4b" outcome="Passed" testListId="8c84fa94-04c1-424b-9868-57a2d4851a1d" relativeResultsDirectory="f7d0cefc-f462-42b0-96d2-8e15992a8107" />
    <UnitTestResult executionId="c866ec1e-d515-4b12-97c6-da8e2f0c257a" testId="577fc189-18b6-e008-9829-725adf8c1ffb" testName="Quotes.Tests.Integration.Testcontainers.CollectionEndpointTests.PostCollectionItem_WithValidRequest_ReturnsOkWithItemAdded" computerName="BABYKRISH" duration="00:00:01.2202904" startTime="2026-08-13T12:03:24.3419999+05:30" endTime="2026-08-13T12:03:24.3420001+05:30" testType="13cdc9d9-ddb5-4fa4-a97d-d965ccfc6d4b" outcome="Passed" testListId="8c84fa94-04c1-424b-9868-57a2d4851a1d" relativeResultsDirectory="c866ec1e-d515-4b12-97c6-da8e2f0c257a" />
    <UnitTestResult executionId="a153e17e-315d-40f2-8099-a0944a64e56f" testId="23560050-7aae-980e-0ae1-207974540efe" testName="Quotes.Tests.Integration.Testcontainers.QuotesEndpointTests.DeleteQuote_WithoutToken_ReturnsUnauthorized" computerName="BABYKRISH" duration="00:00:01.0611654" startTime="2026-08-13T12:03:50.0013064+05:30" endTime="2026-08-13T12:03:50.0013066+05:30" testType="13cdc9d9-ddb5-4fa4-a97d-d965ccfc6d4b" outcome="Passed" testListId="8c84fa94-04c1-424b-9868-57a2d4851a1d" relativeResultsDirectory="a153e17e-315d-40f2-8099-a0944a64e56f" />
    <UnitTestResult executionId="27433cf5-14dd-403f-b80d-186952fd6098" testId="aa8bcdee-8c8c-7d18-0826-78202845acfa" testName="Quotes.Tests.Integration.Testcontainers.CollectionEndpointTests.PostCollections_WithoutWriteScope_ReturnsForbidden" computerName="BABYKRISH" duration="00:00:01.0962276" startTime="2026-08-13T12:03:31.1772509+05:30" endTime="2026-08-13T12:03:31.1772512+05:30" testType="13cdc9d9-ddb5-4fa4-a97d-d965ccfc6d4b" outcome="Passed" testListId="8c84fa94-04c1-424b-9868-57a2d4851a1d" relativeResultsDirectory="27433cf5-14dd-403f-b80d-186952fd6098" />
    <UnitTestResult executionId="fffa67f1-d16a-4332-b41e-d47ae0456dd2" testId="adb65674-d0fa-af94-e4d4-2b6744f22937" testName="Quotes.Tests.Integration.Testcontainers.QuotesEndpointTests.GetQuoteById_WhenQuoteExists_ReturnsQuote" computerName="BABYKRISH" duration="00:00:01.1115839" startTime="2026-08-13T12:03:47.8475060+05:30" endTime="2026-08-13T12:03:47.8475064+05:30" testType="13cdc9d9-ddb5-4fa4-a97d-d965ccfc6d4b" outcome="Passed" testListId="8c84fa94-04c1-424b-9868-57a2d4851a1d" relativeResultsDirectory="fffa67f1-d16a-4332-b41e-d47ae0456dd2" />
    <UnitTestResult executionId="ac8fc9d3-a02c-4036-80ea-224442661f6f" testId="a2702bdd-a9d4-2b31-ebb1-7208e0015e3d" testName="Quotes.Tests.Integration.Testcontainers.CollectionEndpointTests.PostCollectionItem_WithDuplicateQuoteId_ReturnsBadRequestProblemDetails" computerName="BABYKRISH" duration="00:00:01.1187799" startTime="2026-08-13T12:03:27.8270357+05:30" endTime="2026-08-13T12:03:27.8270359+05:30" testType="13cdc9d9-ddb5-4fa4-a97d-d965ccfc6d4b" outcome="Passed" testListId="8c84fa94-04c1-424b-9868-57a2d4851a1d" relativeResultsDirectory="ac8fc9d3-a02c-4036-80ea-224442661f6f" />
    <UnitTestResult executionId="2e4702db-21f7-44ae-85ff-42a790f56bd8" testId="bb813afb-41b6-87f5-1021-5886b635fe27" testName="Quotes.Tests.Integration.Testcontainers.CollectionEndpointTests.PostCollectionItem_WhenCollectionDoesNotExist_ReturnsNotFound" computerName="BABYKRISH" duration="00:00:01.0985299" startTime="2026-08-13T12:03:25.4413504+05:30" endTime="2026-08-13T12:03:25.4413507+05:30" testType="13cdc9d9-ddb5-4fa4-a97d-d965ccfc6d4b" outcome="Passed" testListId="8c84fa94-04c1-424b-9868-57a2d4851a1d" relativeResultsDirectory="2e4702db-21f7-44ae-85ff-42a790f56bd8" />
    <UnitTestResult executionId="c7c1cd1a-6921-4cbb-9b09-7ecb540d107a" testId="ee5a7da7-d7c3-eb27-f04a-6b61fbaef63c" testName="Quotes.Tests.Integration.Testcontainers.DatabaseTests.Database_OnStartup_SeedsDefaultAdminUser" computerName="BABYKRISH" duration="00:00:01.0884470" startTime="2026-08-13T12:03:34.5147833+05:30" endTime="2026-08-13T12:03:34.5147834+05:30" testType="13cdc9d9-ddb5-4fa4-a97d-d965ccfc6d4b" outcome="Passed" testListId="8c84fa94-04c1-424b-9868-57a2d4851a1d" relativeResultsDirectory="c7c1cd1a-6921-4cbb-9b09-7ecb540d107a" />
    <UnitTestResult executionId="6cfe4c6b-4703-4abb-ab06-c5f1cf3e3a7f" testId="f7a0c855-16c4-7735-37f7-74ac7a1e9daa" testName="Quotes.Tests.Integration.Testcontainers.AuthEndpointTests.Refresh_WithValidRefreshToken_ReturnsRotatedTokenPair" computerName="BABYKRISH" duration="00:00:02.0429798" startTime="2026-08-13T12:03:14.3261946+05:30" endTime="2026-08-13T12:03:14.3261947+05:30" testType="13cdc9d9-ddb5-4fa4-a97d-d965ccfc6d4b" outcome="Passed" testListId="8c84fa94-04c1-424b-9868-57a2d4851a1d" relativeResultsDirectory="6cfe4c6b-4703-4abb-ab06-c5f1cf3e3a7f" />
    <UnitTestResult executionId="67ff3ed9-dd21-4640-843b-96f66ce6ea93" testId="4ba57cbd-32af-2f18-223c-5fd7fd19282b" testName="Quotes.Tests.Integration.Testcontainers.AuthEndpointTests.ProtectedEndpoint_WithExpiredToken_ReturnsUnauthorizedChallenge" computerName="BABYKRISH" duration="00:00:01.1064139" startTime="2026-08-13T12:03:18.1723483+05:30" endTime="2026-08-13T12:03:18.1723486+05:30" testType="13cdc9d9-ddb5-4fa4-a97d-d965ccfc6d4b" outcome="Passed" testListId="8c84fa94-04c1-424b-9868-57a2d4851a1d" relativeResultsDirectory="67ff3ed9-dd21-4640-843b-96f66ce6ea93" />
    <UnitTestResult executionId="7717682d-c288-422d-a4f4-168f979acd0b" testId="4ab9154b-f91f-1674-ade2-f0f39ce428e1" testName="Quotes.Tests.Integration.Testcontainers.QuotesEndpointTests.GetQuoteById_WhenQuoteDoesNotExist_ReturnsNotFoundProblemDetails" computerName="BABYKRISH" duration="00:00:01.0992802" startTime="2026-08-13T12:03:41.1670957+05:30" endTime="2026-08-13T12:03:41.1670960+05:30" testType="13cdc9d9-ddb5-4fa4-a97d-d965ccfc6d4b" outcome="Passed" testListId="8c84fa94-04c1-424b-9868-57a2d4851a1d" relativeResultsDirectory="7717682d-c288-422d-a4f4-168f979acd0b" />
    <UnitTestResult executionId="50e1914c-7829-4673-88cc-afc6f7b4f009" testId="ad4afc91-c471-ceef-dc91-6d2aba128c88" testName="Quotes.Tests.Integration.Testcontainers.QuotesEndpointTests.PostQuote_WithValidTokenAndScope_ReturnsCreatedWithFakeClockTimestamp" computerName="BABYKRISH" duration="00:00:01.0701049" startTime="2026-08-13T12:03:40.0671725+05:30" endTime="2026-08-13T12:03:40.0671727+05:30" testType="13cdc9d9-ddb5-4fa4-a97d-d965ccfc6d4b" outcome="Passed" testListId="8c84fa94-04c1-424b-9868-57a2d4851a1d" relativeResultsDirectory="50e1914c-7829-4673-88cc-afc6f7b4f009" />
    <UnitTestResult executionId="a09465c1-0772-4587-8bdd-674bfdd69a64" testId="f34f21a6-2f11-10f1-5e0f-ac96a9799d72" testName="Quotes.Tests.Integration.Testcontainers.CollectionEndpointTests.PostCollections_WithValidRequest_ReturnsCreated" computerName="BABYKRISH" duration="00:00:01.1249749" startTime="2026-08-13T12:03:21.9219374+05:30" endTime="2026-08-13T12:03:21.9219377+05:30" testType="13cdc9d9-ddb5-4fa4-a97d-d965ccfc6d4b" outcome="Passed" testListId="8c84fa94-04c1-424b-9868-57a2d4851a1d" relativeResultsDirectory="a09465c1-0772-4587-8bdd-674bfdd69a64" />
    <UnitTestResult executionId="7f1b47d3-03df-4375-9f42-27a7e26d9eb0" testId="775e7c81-96bf-62c1-cac1-92ca3034ba11" testName="Quotes.Tests.Integration.Testcontainers.SqlServerSpecificTests.UniqueIndex_OnUserEmail_IsEnforcedByTheServer" computerName="BABYKRISH" duration="00:00:01.0733846" startTime="2026-08-13T12:03:54.3494735+05:30" endTime="2026-08-13T12:03:54.3494737+05:30" testType="13cdc9d9-ddb5-4fa4-a97d-d965ccfc6d4b" outcome="Passed" testListId="8c84fa94-04c1-424b-9868-57a2d4851a1d" relativeResultsDirectory="7f1b47d3-03df-4375-9f42-27a7e26d9eb0" />
    <UnitTestResult executionId="2a93524e-a570-480e-98c8-64297c021f69" testId="1e26622d-9d4e-e2aa-7e76-c900119c937c" testName="Quotes.Tests.Integration.Testcontainers.QuotesEndpointTests.DeleteQuote_AsNonOwner_ReturnsForbidden" computerName="BABYKRISH" duration="00:00:01.1039920" startTime="2026-08-13T12:03:46.7353580+05:30" endTime="2026-08-13T12:03:46.7353582+05:30" testType="13cdc9d9-ddb5-4fa4-a97d-d965ccfc6d4b" outcome="Passed" testListId="8c84fa94-04c1-424b-9868-57a2d4851a1d" relativeResultsDirectory="2a93524e-a570-480e-98c8-64297c021f69" />
    <UnitTestResult executionId="d1bef6a4-41c3-440b-ba8f-947dfc266e3d" testId="962465ba-e801-a7a4-0d81-fac08382a5ee" testName="Quotes.Tests.Integration.Testcontainers.DatabaseTests.Database_UsesFakeClockRatherThanSystemTime" computerName="BABYKRISH" duration="00:00:01.0740441" startTime="2026-08-13T12:03:37.8627661+05:30" endTime="2026-08-13T12:03:37.8627662+05:30" testType="13cdc9d9-ddb5-4fa4-a97d-d965ccfc6d4b" outcome="Passed" testListId="8c84fa94-04c1-424b-9868-57a2d4851a1d" relativeResultsDirectory="d1bef6a4-41c3-440b-ba8f-947dfc266e3d" />
    <UnitTestResult executionId="2cde9a0d-8433-43ef-a862-02d75dc91453" testId="4f463229-4686-f484-514d-31de2c987a02" testName="Quotes.Tests.Integration.Testcontainers.CollectionEndpointTests.DeleteCollectionItem_WhenItemNotInCollection_ReturnsBadRequestProblemDetails" computerName="BABYKRISH" duration="00:00:01.1383613" startTime="2026-08-13T12:03:30.0804670+05:30" endTime="2026-08-13T12:03:30.0804673+05:30" testType="13cdc9d9-ddb5-4fa4-a97d-d965ccfc6d4b" outcome="Passed" testListId="8c84fa94-04c1-424b-9868-57a2d4851a1d" relativeResultsDirectory="2cde9a0d-8433-43ef-a862-02d75dc91453" />
    <UnitTestResult executionId="dfac9adb-230c-4042-8b51-bf676785aee2" testId="a245e904-c0e7-eac6-7a7f-f0855fb751ee" testName="Quotes.Tests.Integration.Testcontainers.DatabaseTests.CreateQuote_ViaApi_PersistsThroughRealEfCoreRoundTrip" computerName="BABYKRISH" duration="00:00:01.1810397" startTime="2026-08-13T12:03:33.4253819+05:30" endTime="2026-08-13T12:03:33.4253820+05:30" testType="13cdc9d9-ddb5-4fa4-a97d-d965ccfc6d4b" outcome="Passed" testListId="8c84fa94-04c1-424b-9868-57a2d4851a1d" relativeResultsDirectory="dfac9adb-230c-4042-8b51-bf676785aee2" />
    <UnitTestResult executionId="d8c6fc11-4749-438a-a52b-1ecf3b917bb5" testId="bf07804d-e3f5-c099-607f-cfa5848c3466" testName="Quotes.Tests.Integration.Testcontainers.SqlServerSpecificTests.Database_RunsOnRealSqlServerEngine" computerName="BABYKRISH" duration="00:00:01.1044287" startTime="2026-08-13T12:03:53.2754045+05:30" endTime="2026-08-13T12:03:53.2754047+05:30" testType="13cdc9d9-ddb5-4fa4-a97d-d965ccfc6d4b" outcome="Passed" testListId="8c84fa94-04c1-424b-9868-57a2d4851a1d" relativeResultsDirectory="d8c6fc11-4749-438a-a52b-1ecf3b917bb5" />
    <UnitTestResult executionId="5105e305-e179-4758-8081-9ad1696b56de" testId="bf9863f6-3777-2bee-a318-f68f29b15e53" testName="Quotes.Tests.Integration.Testcontainers.QuotesEndpointTests.PostQuote_WithoutToken_ReturnsUnauthorized" computerName="BABYKRISH" duration="00:00:01.0990606" startTime="2026-08-13T12:03:45.6306393+05:30" endTime="2026-08-13T12:03:45.6306395+05:30" testType="13cdc9d9-ddb5-4fa4-a97d-d965ccfc6d4b" outcome="Passed" testListId="8c84fa94-04c1-424b-9868-57a2d4851a1d" relativeResultsDirectory="5105e305-e179-4758-8081-9ad1696b56de" />
    <UnitTestResult executionId="021e3b6d-e3a1-40b6-8b09-d106399daeeb" testId="019cf350-5773-06c3-b007-a3ae35f570b4" testName="Quotes.Tests.Integration.Testcontainers.AuthEndpointTests.ProtectedEndpoint_WithMalformedToken_ReturnsUnauthorizedChallenge" computerName="BABYKRISH" duration="00:00:04.2206640" startTime="2026-08-13T12:03:09.9018374+05:30" endTime="2026-08-13T12:03:09.9018933+05:30" testType="13cdc9d9-ddb5-4fa4-a97d-d965ccfc6d4b" outcome="Passed" testListId="8c84fa94-04c1-424b-9868-57a2d4851a1d" relativeResultsDirectory="021e3b6d-e3a1-40b6-8b09-d106399daeeb" />
    <UnitTestResult executionId="9235d83b-83b0-450f-aa64-3e9ebbdb157e" testId="9803fed6-4595-aea0-232f-b73764293ba6" testName="Quotes.Tests.Integration.Testcontainers.AuthEndpointTests.Logout_WithValidRefreshToken_RevokesTokenSoFurtherRefreshFails" computerName="BABYKRISH" duration="00:00:02.3751741" startTime="2026-08-13T12:03:12.2826199+05:30" endTime="2026-08-13T12:03:12.2826203+05:30" testType="13cdc9d9-ddb5-4fa4-a97d-d965ccfc6d4b" outcome="Passed" testListId="8c84fa94-04c1-424b-9868-57a2d4851a1d" relativeResultsDirectory="9235d83b-83b0-450f-aa64-3e9ebbdb157e" />
    <UnitTestResult executionId="f9ab94d8-ed69-4ed8-b648-c1ea64d6a736" testId="bff24da3-17bd-63e0-1150-148490334e31" testName="Quotes.Tests.Integration.Testcontainers.QuotesEndpointTests.GetQuotes_AfterQuoteCreated_ReturnsQuoteInPagedResult" computerName="BABYKRISH" duration="00:00:01.0678697" startTime="2026-08-13T12:03:52.1698827+05:30" endTime="2026-08-13T12:03:52.1698831+05:30" testType="13cdc9d9-ddb5-4fa4-a97d-d965ccfc6d4b" outcome="Passed" testListId="8c84fa94-04c1-424b-9868-57a2d4851a1d" relativeResultsDirectory="f9ab94d8-ed69-4ed8-b648-c1ea64d6a736" />
    <UnitTestResult executionId="1e0b4e6f-a0c8-4723-b73b-9a4cd2e14a35" testId="2abdace3-c9e8-d991-7155-9a22bd3c40eb" testName="Quotes.Tests.Integration.Testcontainers.DatabaseTests.Database_IsIsolatedAcrossFactoryInstances" computerName="BABYKRISH" duration="00:00:02.2721801" startTime="2026-08-13T12:03:36.7877333+05:30" endTime="2026-08-13T12:03:36.7877337+05:30" testType="13cdc9d9-ddb5-4fa4-a97d-d965ccfc6d4b" outcome="Passed" testListId="8c84fa94-04c1-424b-9868-57a2d4851a1d" relativeResultsDirectory="1e0b4e6f-a0c8-4723-b73b-9a4cd2e14a35" />
    <UnitTestResult executionId="3b040102-6e63-4ef2-9780-d844cc828987" testId="35471e42-a303-8142-a2c4-1bf69fa7e419" testName="Quotes.Tests.Integration.Testcontainers.CollectionEndpointTests.PostCollections_WithNameBelowMinimumLength_ReturnsBadRequestProblemDetails" computerName="BABYKRISH" duration="00:00:01.1979221" startTime="2026-08-13T12:03:23.1208813+05:30" endTime="2026-08-13T12:03:23.1208816+05:30" testType="13cdc9d9-ddb5-4fa4-a97d-d965ccfc6d4b" outcome="Passed" testListId="8c84fa94-04c1-424b-9868-57a2d4851a1d" relativeResultsDirectory="3b040102-6e63-4ef2-9780-d844cc828987" />
    <UnitTestResult executionId="272437a3-0656-4385-9608-f64a7ee47ad0" testId="f8cd339b-6139-829f-e7d1-ac4f67b34a0d" testName="Quotes.Tests.Integration.Testcontainers.AuthEndpointTests.Login_WithValidCredentials_ReturnsTokenPayload" computerName="BABYKRISH" duration="00:00:01.2627409" startTime="2026-08-13T12:03:17.0651981+05:30" endTime="2026-08-13T12:03:17.0651985+05:30" testType="13cdc9d9-ddb5-4fa4-a97d-d965ccfc6d4b" outcome="Passed" testListId="8c84fa94-04c1-424b-9868-57a2d4851a1d" relativeResultsDirectory="272437a3-0656-4385-9608-f64a7ee47ad0" />
    <UnitTestResult executionId="b7aeca2d-7bfa-497b-ae58-636e1be9ca89" testId="ee4638b2-498d-3618-8d4e-4b73a43e6fc0" testName="Quotes.Tests.Integration.Testcontainers.CollectionEndpointTests.DeleteCollectionItem_WithValidRequest_ReturnsOkWithoutItem" computerName="BABYKRISH" duration="00:00:01.2653616" startTime="2026-08-13T12:03:26.7074072+05:30" endTime="2026-08-13T12:03:26.7074075+05:30" testType="13cdc9d9-ddb5-4fa4-a97d-d965ccfc6d4b" outcome="Passed" testListId="8c84fa94-04c1-424b-9868-57a2d4851a1d" relativeResultsDirectory="b7aeca2d-7bfa-497b-ae58-636e1be9ca89" />
    <UnitTestResult executionId="abc42081-342d-4335-bc7c-824b40d0baa4" testId="02b657e3-3ed0-044a-b5af-063d63292501" testName="Quotes.Tests.Integration.Testcontainers.CollectionEndpointTests.PostCollections_WithoutToken_ReturnsUnauthorized" computerName="BABYKRISH" duration="00:00:01.0650831" startTime="2026-08-13T12:03:32.2431807+05:30" endTime="2026-08-13T12:03:32.2431809+05:30" testType="13cdc9d9-ddb5-4fa4-a97d-d965ccfc6d4b" outcome="Passed" testListId="8c84fa94-04c1-424b-9868-57a2d4851a1d" relativeResultsDirectory="abc42081-342d-4335-bc7c-824b40d0baa4" />
    <UnitTestResult executionId="95a02b01-cbbf-4746-a394-327c3af04200" testId="6218e31a-65d4-d5ad-1132-b986e4c3d8c8" testName="Quotes.Tests.Integration.Testcontainers.QuotesEndpointTests.PostQuote_WithoutWriteScope_ReturnsForbidden" computerName="BABYKRISH" duration="00:00:01.0990415" startTime="2026-08-13T12:03:51.1011027+05:30" endTime="2026-08-13T12:03:51.1011030+05:30" testType="13cdc9d9-ddb5-4fa4-a97d-d965ccfc6d4b" outcome="Passed" testListId="8c84fa94-04c1-424b-9868-57a2d4851a1d" relativeResultsDirectory="95a02b01-cbbf-4746-a394-327c3af04200" />
  </Results>
  <TestDefinitions>
    <UnitTest name="Quotes.Tests.Integration.Testcontainers.AuthEndpointTests.Login_WithValidCredentials_ReturnsTokenPayload" storage="d:\deepak\thinkschool\day3\task7-testcontainers\quotes.tests.integration.testcontainers\bin\release\net10.0\quotes.tests.integration.testcontainers.dll" id="f8cd339b-6139-829f-e7d1-ac4f67b34a0d">
      <Execution id="272437a3-0656-4385-9608-f64a7ee47ad0" />
      <TestMethod codeBase="D:\Deepak\Thinkschool\Day3\Task7-Testcontainers\Quotes.Tests.Integration.Testcontainers\bin\Release\net10.0\Quotes.Tests.Integration.Testcontainers.dll" adapterTypeName="executor://xunit/VsTestRunner2/netcoreapp" className="Quotes.Tests.Integration.Testcontainers.AuthEndpointTests" name="Login_WithValidCredentials_ReturnsTokenPayload" />
    </UnitTest>
    <UnitTest name="Quotes.Tests.Integration.Testcontainers.CollectionEndpointTests.PostCollections_WithoutWriteScope_ReturnsForbidden" storage="d:\deepak\thinkschool\day3\task7-testcontainers\quotes.tests.integration.testcontainers\bin\release\net10.0\quotes.tests.integration.testcontainers.dll" id="aa8bcdee-8c8c-7d18-0826-78202845acfa">
      <Execution id="27433cf5-14dd-403f-b80d-186952fd6098" />
      <TestMethod codeBase="D:\Deepak\Thinkschool\Day3\Task7-Testcontainers\Quotes.Tests.Integration.Testcontainers\bin\Release\net10.0\Quotes.Tests.Integration.Testcontainers.dll" adapterTypeName="executor://xunit/VsTestRunner2/netcoreapp" className="Quotes.Tests.Integration.Testcontainers.CollectionEndpointTests" name="PostCollections_WithoutWriteScope_ReturnsForbidden" />
    </UnitTest>
    <UnitTest name="Quotes.Tests.Integration.Testcontainers.CollectionEndpointTests.PostCollections_WithoutToken_ReturnsUnauthorized" storage="d:\deepak\thinkschool\day3\task7-testcontainers\quotes.tests.integration.testcontainers\bin\release\net10.0\quotes.tests.integration.testcontainers.dll" id="02b657e3-3ed0-044a-b5af-063d63292501">
      <Execution id="abc42081-342d-4335-bc7c-824b40d0baa4" />
      <TestMethod codeBase="D:\Deepak\Thinkschool\Day3\Task7-Testcontainers\Quotes.Tests.Integration.Testcontainers\bin\Release\net10.0\Quotes.Tests.Integration.Testcontainers.dll" adapterTypeName="executor://xunit/VsTestRunner2/netcoreapp" className="Quotes.Tests.Integration.Testcontainers.CollectionEndpointTests" name="PostCollections_WithoutToken_ReturnsUnauthorized" />
    </UnitTest>
    <UnitTest name="Quotes.Tests.Integration.Testcontainers.QuotesEndpointTests.GetQuotes_AfterQuoteCreated_ReturnsQuoteInPagedResult" storage="d:\deepak\thinkschool\day3\task7-testcontainers\quotes.tests.integration.testcontainers\bin\release\net10.0\quotes.tests.integration.testcontainers.dll" id="bff24da3-17bd-63e0-1150-148490334e31">
      <Execution id="f9ab94d8-ed69-4ed8-b648-c1ea64d6a736" />
      <TestMethod codeBase="D:\Deepak\Thinkschool\Day3\Task7-Testcontainers\Quotes.Tests.Integration.Testcontainers\bin\Release\net10.0\Quotes.Tests.Integration.Testcontainers.dll" adapterTypeName="executor://xunit/VsTestRunner2/netcoreapp" className="Quotes.Tests.Integration.Testcontainers.QuotesEndpointTests" name="GetQuotes_AfterQuoteCreated_ReturnsQuoteInPagedResult" />
    </UnitTest>
    <UnitTest name="Quotes.Tests.Integration.Testcontainers.AuthEndpointTests.Refresh_WithValidRefreshToken_ReturnsRotatedTokenPair" storage="d:\deepak\thinkschool\day3\task7-testcontainers\quotes.tests.integration.testcontainers\bin\release\net10.0\quotes.tests.integration.testcontainers.dll" id="f7a0c855-16c4-7735-37f7-74ac7a1e9daa">
      <Execution id="6cfe4c6b-4703-4abb-ab06-c5f1cf3e3a7f" />
      <TestMethod codeBase="D:\Deepak\Thinkschool\Day3\Task7-Testcontainers\Quotes.Tests.Integration.Testcontainers\bin\Release\net10.0\Quotes.Tests.Integration.Testcontainers.dll" adapterTypeName="executor://xunit/VsTestRunner2/netcoreapp" className="Quotes.Tests.Integration.Testcontainers.AuthEndpointTests" name="Refresh_WithValidRefreshToken_ReturnsRotatedTokenPair" />
    </UnitTest>
    <UnitTest name="Quotes.Tests.Integration.Testcontainers.QuotesEndpointTests.PostQuote_WithValidTokenAndScope_ReturnsCreatedWithFakeClockTimestamp" storage="d:\deepak\thinkschool\day3\task7-testcontainers\quotes.tests.integration.testcontainers\bin\release\net10.0\quotes.tests.integration.testcontainers.dll" id="ad4afc91-c471-ceef-dc91-6d2aba128c88">
      <Execution id="50e1914c-7829-4673-88cc-afc6f7b4f009" />
      <TestMethod codeBase="D:\Deepak\Thinkschool\Day3\Task7-Testcontainers\Quotes.Tests.Integration.Testcontainers\bin\Release\net10.0\Quotes.Tests.Integration.Testcontainers.dll" adapterTypeName="executor://xunit/VsTestRunner2/netcoreapp" className="Quotes.Tests.Integration.Testcontainers.QuotesEndpointTests" name="PostQuote_WithValidTokenAndScope_ReturnsCreatedWithFakeClockTimestamp" />
    </UnitTest>
    <UnitTest name="Quotes.Tests.Integration.Testcontainers.AuthEndpointTests.Logout_WithValidRefreshToken_RevokesTokenSoFurtherRefreshFails" storage="d:\deepak\thinkschool\day3\task7-testcontainers\quotes.tests.integration.testcontainers\bin\release\net10.0\quotes.tests.integration.testcontainers.dll" id="9803fed6-4595-aea0-232f-b73764293ba6">
      <Execution id="9235d83b-83b0-450f-aa64-3e9ebbdb157e" />
      <TestMethod codeBase="D:\Deepak\Thinkschool\Day3\Task7-Testcontainers\Quotes.Tests.Integration.Testcontainers\bin\Release\net10.0\Quotes.Tests.Integration.Testcontainers.dll" adapterTypeName="executor://xunit/VsTestRunner2/netcoreapp" className="Quotes.Tests.Integration.Testcontainers.AuthEndpointTests" name="Logout_WithValidRefreshToken_RevokesTokenSoFurtherRefreshFails" />
    </UnitTest>
    <UnitTest name="Quotes.Tests.Integration.Testcontainers.CollectionEndpointTests.PostCollections_WithNameBelowMinimumLength_ReturnsBadRequestProblemDetails" storage="d:\deepak\thinkschool\day3\task7-testcontainers\quotes.tests.integration.testcontainers\bin\release\net10.0\quotes.tests.integration.testcontainers.dll" id="35471e42-a303-8142-a2c4-1bf69fa7e419">
      <Execution id="3b040102-6e63-4ef2-9780-d844cc828987" />
      <TestMethod codeBase="D:\Deepak\Thinkschool\Day3\Task7-Testcontainers\Quotes.Tests.Integration.Testcontainers\bin\Release\net10.0\Quotes.Tests.Integration.Testcontainers.dll" adapterTypeName="executor://xunit/VsTestRunner2/netcoreapp" className="Quotes.Tests.Integration.Testcontainers.CollectionEndpointTests" name="PostCollections_WithNameBelowMinimumLength_ReturnsBadRequestProblemDetails" />
    </UnitTest>
    <UnitTest name="Quotes.Tests.Integration.Testcontainers.QuotesEndpointTests.DeleteQuote_AsOwner_ReturnsNoContent" storage="d:\deepak\thinkschool\day3\task7-testcontainers\quotes.tests.integration.testcontainers\bin\release\net10.0\quotes.tests.integration.testcontainers.dll" id="4edf0a16-8565-63ec-45af-f30dc5119c1f">
      <Execution id="f7d0cefc-f462-42b0-96d2-8e15992a8107" />
      <TestMethod codeBase="D:\Deepak\Thinkschool\Day3\Task7-Testcontainers\Quotes.Tests.Integration.Testcontainers\bin\Release\net10.0\Quotes.Tests.Integration.Testcontainers.dll" adapterTypeName="executor://xunit/VsTestRunner2/netcoreapp" className="Quotes.Tests.Integration.Testcontainers.QuotesEndpointTests" name="DeleteQuote_AsOwner_ReturnsNoContent" />
    </UnitTest>
    <UnitTest name="Quotes.Tests.Integration.Testcontainers.QuotesEndpointTests.GetQuotes_WhenDatabaseEmpty_ReturnsEmptyPage" storage="d:\deepak\thinkschool\day3\task7-testcontainers\quotes.tests.integration.testcontainers\bin\release\net10.0\quotes.tests.integration.testcontainers.dll" id="6adf66d1-c053-d4ea-76b8-1e9f1dd89fd5">
      <Execution id="9e0e6be0-8329-4f2d-b1cf-92e417bc4c9d" />
      <TestMethod codeBase="D:\Deepak\Thinkschool\Day3\Task7-Testcontainers\Quotes.Tests.Integration.Testcontainers\bin\Release\net10.0\Quotes.Tests.Integration.Testcontainers.dll" adapterTypeName="executor://xunit/VsTestRunner2/netcoreapp" className="Quotes.Tests.Integration.Testcontainers.QuotesEndpointTests" name="GetQuotes_WhenDatabaseEmpty_ReturnsEmptyPage" />
    </UnitTest>
    <UnitTest name="Quotes.Tests.Integration.Testcontainers.CollectionEndpointTests.DeleteCollectionItem_WithValidRequest_ReturnsOkWithoutItem" storage="d:\deepak\thinkschool\day3\task7-testcontainers\quotes.tests.integration.testcontainers\bin\release\net10.0\quotes.tests.integration.testcontainers.dll" id="ee4638b2-498d-3618-8d4e-4b73a43e6fc0">
      <Execution id="b7aeca2d-7bfa-497b-ae58-636e1be9ca89" />
      <TestMethod codeBase="D:\Deepak\Thinkschool\Day3\Task7-Testcontainers\Quotes.Tests.Integration.Testcontainers\bin\Release\net10.0\Quotes.Tests.Integration.Testcontainers.dll" adapterTypeName="executor://xunit/VsTestRunner2/netcoreapp" className="Quotes.Tests.Integration.Testcontainers.CollectionEndpointTests" name="DeleteCollectionItem_WithValidRequest_ReturnsOkWithoutItem" />
    </UnitTest>
    <UnitTest name="Quotes.Tests.Integration.Testcontainers.CollectionEndpointTests.PostCollectionItem_WithDuplicateQuoteId_ReturnsBadRequestProblemDetails" storage="d:\deepak\thinkschool\day3\task7-testcontainers\quotes.tests.integration.testcontainers\bin\release\net10.0\quotes.tests.integration.testcontainers.dll" id="a2702bdd-a9d4-2b31-ebb1-7208e0015e3d">
      <Execution id="ac8fc9d3-a02c-4036-80ea-224442661f6f" />
      <TestMethod codeBase="D:\Deepak\Thinkschool\Day3\Task7-Testcontainers\Quotes.Tests.Integration.Testcontainers\bin\Release\net10.0\Quotes.Tests.Integration.Testcontainers.dll" adapterTypeName="executor://xunit/VsTestRunner2/netcoreapp" className="Quotes.Tests.Integration.Testcontainers.CollectionEndpointTests" name="PostCollectionItem_WithDuplicateQuoteId_ReturnsBadRequestProblemDetails" />
    </UnitTest>
    <UnitTest name="Quotes.Tests.Integration.Testcontainers.QuotesEndpointTests.GetQuoteById_WhenQuoteDoesNotExist_ReturnsNotFoundProblemDetails" storage="d:\deepak\thinkschool\day3\task7-testcontainers\quotes.tests.integration.testcontainers\bin\release\net10.0\quotes.tests.integration.testcontainers.dll" id="4ab9154b-f91f-1674-ade2-f0f39ce428e1">
      <Execution id="7717682d-c288-422d-a4f4-168f979acd0b" />
      <TestMethod codeBase="D:\Deepak\Thinkschool\Day3\Task7-Testcontainers\Quotes.Tests.Integration.Testcontainers\bin\Release\net10.0\Quotes.Tests.Integration.Testcontainers.dll" adapterTypeName="executor://xunit/VsTestRunner2/netcoreapp" className="Quotes.Tests.Integration.Testcontainers.QuotesEndpointTests" name="GetQuoteById_WhenQuoteDoesNotExist_ReturnsNotFoundProblemDetails" />
    </UnitTest>
    <UnitTest name="Quotes.Tests.Integration.Testcontainers.QuotesEndpointTests.GetQuoteById_WhenQuoteExists_ReturnsQuote" storage="d:\deepak\thinkschool\day3\task7-testcontainers\quotes.tests.integration.testcontainers\bin\release\net10.0\quotes.tests.integration.testcontainers.dll" id="adb65674-d0fa-af94-e4d4-2b6744f22937">
      <Execution id="fffa67f1-d16a-4332-b41e-d47ae0456dd2" />
      <TestMethod codeBase="D:\Deepak\Thinkschool\Day3\Task7-Testcontainers\Quotes.Tests.Integration.Testcontainers\bin\Release\net10.0\Quotes.Tests.Integration.Testcontainers.dll" adapterTypeName="executor://xunit/VsTestRunner2/netcoreapp" className="Quotes.Tests.Integration.Testcontainers.QuotesEndpointTests" name="GetQuoteById_WhenQuoteExists_ReturnsQuote" />
    </UnitTest>
    <UnitTest name="Quotes.Tests.Integration.Testcontainers.AuthEndpointTests.Login_WithUnknownEmail_ReturnsUnauthorized" storage="d:\deepak\thinkschool\day3\task7-testcontainers\quotes.tests.integration.testcontainers\bin\release\net10.0\quotes.tests.integration.testcontainers.dll" id="edb4ab9a-83dd-214a-2fb9-a1499796d1c0">
      <Execution id="8d104041-5599-4122-8319-80c511512f56" />
      <TestMethod codeBase="D:\Deepak\Thinkschool\Day3\Task7-Testcontainers\Quotes.Tests.Integration.Testcontainers\bin\Release\net10.0\Quotes.Tests.Integration.Testcontainers.dll" adapterTypeName="executor://xunit/VsTestRunner2/netcoreapp" className="Quotes.Tests.Integration.Testcontainers.AuthEndpointTests" name="Login_WithUnknownEmail_ReturnsUnauthorized" />
    </UnitTest>
    <UnitTest name="Quotes.Tests.Integration.Testcontainers.AuthEndpointTests.Refresh_WithReusedRefreshToken_ReturnsUnauthorized" storage="d:\deepak\thinkschool\day3\task7-testcontainers\quotes.tests.integration.testcontainers\bin\release\net10.0\quotes.tests.integration.testcontainers.dll" id="02878490-1a56-3f4f-a223-29fddf04d304">
      <Execution id="6d8c2419-8d5a-4a41-88ce-5eb2d99cfcec" />
      <TestMethod codeBase="D:\Deepak\Thinkschool\Day3\Task7-Testcontainers\Quotes.Tests.Integration.Testcontainers\bin\Release\net10.0\Quotes.Tests.Integration.Testcontainers.dll" adapterTypeName="executor://xunit/VsTestRunner2/netcoreapp" className="Quotes.Tests.Integration.Testcontainers.AuthEndpointTests" name="Refresh_WithReusedRefreshToken_ReturnsUnauthorized" />
    </UnitTest>
    <UnitTest name="Quotes.Tests.Integration.Testcontainers.DatabaseTests.Database_IsIsolatedAcrossFactoryInstances" storage="d:\deepak\thinkschool\day3\task7-testcontainers\quotes.tests.integration.testcontainers\bin\release\net10.0\quotes.tests.integration.testcontainers.dll" id="2abdace3-c9e8-d991-7155-9a22bd3c40eb">
      <Execution id="1e0b4e6f-a0c8-4723-b73b-9a4cd2e14a35" />
      <TestMethod codeBase="D:\Deepak\Thinkschool\Day3\Task7-Testcontainers\Quotes.Tests.Integration.Testcontainers\bin\Release\net10.0\Quotes.Tests.Integration.Testcontainers.dll" adapterTypeName="executor://xunit/VsTestRunner2/netcoreapp" className="Quotes.Tests.Integration.Testcontainers.DatabaseTests" name="Database_IsIsolatedAcrossFactoryInstances" />
    </UnitTest>
    <UnitTest name="Quotes.Tests.Integration.Testcontainers.SqlServerSpecificTests.Quote_WrittenThroughApi_IsReadableFromABrandNewPhysicalConnection" storage="d:\deepak\thinkschool\day3\task7-testcontainers\quotes.tests.integration.testcontainers\bin\release\net10.0\quotes.tests.integration.testcontainers.dll" id="8e1bfa8c-635e-681a-b42f-2a1e9bf0c0aa">
      <Execution id="db841a9b-1d47-4d46-b50f-54426bbcccca" />
      <TestMethod codeBase="D:\Deepak\Thinkschool\Day3\Task7-Testcontainers\Quotes.Tests.Integration.Testcontainers\bin\Release\net10.0\Quotes.Tests.Integration.Testcontainers.dll" adapterTypeName="executor://xunit/VsTestRunner2/netcoreapp" className="Quotes.Tests.Integration.Testcontainers.SqlServerSpecificTests" name="Quote_WrittenThroughApi_IsReadableFromABrandNewPhysicalConnection" />
    </UnitTest>
    <UnitTest name="Quotes.Tests.Integration.Testcontainers.AuthEndpointTests.ProtectedEndpoint_WithExpiredToken_ReturnsUnauthorizedChallenge" storage="d:\deepak\thinkschool\day3\task7-testcontainers\quotes.tests.integration.testcontainers\bin\release\net10.0\quotes.tests.integration.testcontainers.dll" id="4ba57cbd-32af-2f18-223c-5fd7fd19282b">
      <Execution id="67ff3ed9-dd21-4640-843b-96f66ce6ea93" />
      <TestMethod codeBase="D:\Deepak\Thinkschool\Day3\Task7-Testcontainers\Quotes.Tests.Integration.Testcontainers\bin\Release\net10.0\Quotes.Tests.Integration.Testcontainers.dll" adapterTypeName="executor://xunit/VsTestRunner2/netcoreapp" className="Quotes.Tests.Integration.Testcontainers.AuthEndpointTests" name="ProtectedEndpoint_WithExpiredToken_ReturnsUnauthorizedChallenge" />
    </UnitTest>
    <UnitTest name="Quotes.Tests.Integration.Testcontainers.QuotesEndpointTests.PostQuote_WithInvalidPayload_ReturnsValidationProblemDetails" storage="d:\deepak\thinkschool\day3\task7-testcontainers\quotes.tests.integration.testcontainers\bin\release\net10.0\quotes.tests.integration.testcontainers.dll" id="15eb95d7-41bf-b29b-c645-56c1d2ea061d">
      <Execution id="ae1113bb-7c3e-46e4-861f-b047cf9f36e5" />
      <TestMethod codeBase="D:\Deepak\Thinkschool\Day3\Task7-Testcontainers\Quotes.Tests.Integration.Testcontainers\bin\Release\net10.0\Quotes.Tests.Integration.Testcontainers.dll" adapterTypeName="executor://xunit/VsTestRunner2/netcoreapp" className="Quotes.Tests.Integration.Testcontainers.QuotesEndpointTests" name="PostQuote_WithInvalidPayload_ReturnsValidationProblemDetails" />
    </UnitTest>
    <UnitTest name="Quotes.Tests.Integration.Testcontainers.SqlServerSpecificTests.Database_RunsOnRealSqlServerEngine" storage="d:\deepak\thinkschool\day3\task7-testcontainers\quotes.tests.integration.testcontainers\bin\release\net10.0\quotes.tests.integration.testcontainers.dll" id="bf07804d-e3f5-c099-607f-cfa5848c3466">
      <Execution id="d8c6fc11-4749-438a-a52b-1ecf3b917bb5" />
      <TestMethod codeBase="D:\Deepak\Thinkschool\Day3\Task7-Testcontainers\Quotes.Tests.Integration.Testcontainers\bin\Release\net10.0\Quotes.Tests.Integration.Testcontainers.dll" adapterTypeName="executor://xunit/VsTestRunner2/netcoreapp" className="Quotes.Tests.Integration.Testcontainers.SqlServerSpecificTests" name="Database_RunsOnRealSqlServerEngine" />
    </UnitTest>
    <UnitTest name="Quotes.Tests.Integration.Testcontainers.CollectionEndpointTests.DeleteCollectionItem_WithoutWriteScope_ReturnsForbidden" storage="d:\deepak\thinkschool\day3\task7-testcontainers\quotes.tests.integration.testcontainers\bin\release\net10.0\quotes.tests.integration.testcontainers.dll" id="33ebfd05-3ce0-d627-eaab-caab23715aaa">
      <Execution id="49fd9f3d-dfa9-457d-b4d4-6b7c75d7d4ae" />
      <TestMethod codeBase="D:\Deepak\Thinkschool\Day3\Task7-Testcontainers\Quotes.Tests.Integration.Testcontainers\bin\Release\net10.0\Quotes.Tests.Integration.Testcontainers.dll" adapterTypeName="executor://xunit/VsTestRunner2/netcoreapp" className="Quotes.Tests.Integration.Testcontainers.CollectionEndpointTests" name="DeleteCollectionItem_WithoutWriteScope_ReturnsForbidden" />
    </UnitTest>
    <UnitTest name="Quotes.Tests.Integration.Testcontainers.QuotesEndpointTests.DeleteQuote_WithoutToken_ReturnsUnauthorized" storage="d:\deepak\thinkschool\day3\task7-testcontainers\quotes.tests.integration.testcontainers\bin\release\net10.0\quotes.tests.integration.testcontainers.dll" id="23560050-7aae-980e-0ae1-207974540efe">
      <Execution id="a153e17e-315d-40f2-8099-a0944a64e56f" />
      <TestMethod codeBase="D:\Deepak\Thinkschool\Day3\Task7-Testcontainers\Quotes.Tests.Integration.Testcontainers\bin\Release\net10.0\Quotes.Tests.Integration.Testcontainers.dll" adapterTypeName="executor://xunit/VsTestRunner2/netcoreapp" className="Quotes.Tests.Integration.Testcontainers.QuotesEndpointTests" name="DeleteQuote_WithoutToken_ReturnsUnauthorized" />
    </UnitTest>
    <UnitTest name="Quotes.Tests.Integration.Testcontainers.SqlServerSpecificTests.UniqueIndex_OnUserEmail_IsEnforcedByTheServer" storage="d:\deepak\thinkschool\day3\task7-testcontainers\quotes.tests.integration.testcontainers\bin\release\net10.0\quotes.tests.integration.testcontainers.dll" id="775e7c81-96bf-62c1-cac1-92ca3034ba11">
      <Execution id="7f1b47d3-03df-4375-9f42-27a7e26d9eb0" />
      <TestMethod codeBase="D:\Deepak\Thinkschool\Day3\Task7-Testcontainers\Quotes.Tests.Integration.Testcontainers\bin\Release\net10.0\Quotes.Tests.Integration.Testcontainers.dll" adapterTypeName="executor://xunit/VsTestRunner2/netcoreapp" className="Quotes.Tests.Integration.Testcontainers.SqlServerSpecificTests" name="UniqueIndex_OnUserEmail_IsEnforcedByTheServer" />
    </UnitTest>
    <UnitTest name="Quotes.Tests.Integration.Testcontainers.QuotesEndpointTests.PostQuote_WithoutWriteScope_ReturnsForbidden" storage="d:\deepak\thinkschool\day3\task7-testcontainers\quotes.tests.integration.testcontainers\bin\release\net10.0\quotes.tests.integration.testcontainers.dll" id="6218e31a-65d4-d5ad-1132-b986e4c3d8c8">
      <Execution id="95a02b01-cbbf-4746-a394-327c3af04200" />
      <TestMethod codeBase="D:\Deepak\Thinkschool\Day3\Task7-Testcontainers\Quotes.Tests.Integration.Testcontainers\bin\Release\net10.0\Quotes.Tests.Integration.Testcontainers.dll" adapterTypeName="executor://xunit/VsTestRunner2/netcoreapp" className="Quotes.Tests.Integration.Testcontainers.QuotesEndpointTests" name="PostQuote_WithoutWriteScope_ReturnsForbidden" />
    </UnitTest>
    <UnitTest name="Quotes.Tests.Integration.Testcontainers.DatabaseTests.Database_UsesFakeClockRatherThanSystemTime" storage="d:\deepak\thinkschool\day3\task7-testcontainers\quotes.tests.integration.testcontainers\bin\release\net10.0\quotes.tests.integration.testcontainers.dll" id="962465ba-e801-a7a4-0d81-fac08382a5ee">
      <Execution id="d1bef6a4-41c3-440b-ba8f-947dfc266e3d" />
      <TestMethod codeBase="D:\Deepak\Thinkschool\Day3\Task7-Testcontainers\Quotes.Tests.Integration.Testcontainers\bin\Release\net10.0\Quotes.Tests.Integration.Testcontainers.dll" adapterTypeName="executor://xunit/VsTestRunner2/netcoreapp" className="Quotes.Tests.Integration.Testcontainers.DatabaseTests" name="Database_UsesFakeClockRatherThanSystemTime" />
    </UnitTest>
    <UnitTest name="Quotes.Tests.Integration.Testcontainers.DatabaseTests.Database_OnStartup_AppliesAllMigrations" storage="d:\deepak\thinkschool\day3\task7-testcontainers\quotes.tests.integration.testcontainers\bin\release\net10.0\quotes.tests.integration.testcontainers.dll" id="8ada1737-ceef-6fcf-3f8f-a1ce6ff9dc8c">
      <Execution id="2c329e88-9710-47f0-8142-5b567bf842bf" />
      <TestMethod codeBase="D:\Deepak\Thinkschool\Day3\Task7-Testcontainers\Quotes.Tests.Integration.Testcontainers\bin\Release\net10.0\Quotes.Tests.Integration.Testcontainers.dll" adapterTypeName="executor://xunit/VsTestRunner2/netcoreapp" className="Quotes.Tests.Integration.Testcontainers.DatabaseTests" name="Database_OnStartup_AppliesAllMigrations" />
    </UnitTest>
    <UnitTest name="Quotes.Tests.Integration.Testcontainers.CollectionEndpointTests.PostCollections_WithValidRequest_ReturnsCreated" storage="d:\deepak\thinkschool\day3\task7-testcontainers\quotes.tests.integration.testcontainers\bin\release\net10.0\quotes.tests.integration.testcontainers.dll" id="f34f21a6-2f11-10f1-5e0f-ac96a9799d72">
      <Execution id="a09465c1-0772-4587-8bdd-674bfdd69a64" />
      <TestMethod codeBase="D:\Deepak\Thinkschool\Day3\Task7-Testcontainers\Quotes.Tests.Integration.Testcontainers\bin\Release\net10.0\Quotes.Tests.Integration.Testcontainers.dll" adapterTypeName="executor://xunit/VsTestRunner2/netcoreapp" className="Quotes.Tests.Integration.Testcontainers.CollectionEndpointTests" name="PostCollections_WithValidRequest_ReturnsCreated" />
    </UnitTest>
    <UnitTest name="Quotes.Tests.Integration.Testcontainers.CollectionEndpointTests.PostCollectionItem_WhenCollectionDoesNotExist_ReturnsNotFound" storage="d:\deepak\thinkschool\day3\task7-testcontainers\quotes.tests.integration.testcontainers\bin\release\net10.0\quotes.tests.integration.testcontainers.dll" id="bb813afb-41b6-87f5-1021-5886b635fe27">
      <Execution id="2e4702db-21f7-44ae-85ff-42a790f56bd8" />
      <TestMethod codeBase="D:\Deepak\Thinkschool\Day3\Task7-Testcontainers\Quotes.Tests.Integration.Testcontainers\bin\Release\net10.0\Quotes.Tests.Integration.Testcontainers.dll" adapterTypeName="executor://xunit/VsTestRunner2/netcoreapp" className="Quotes.Tests.Integration.Testcontainers.CollectionEndpointTests" name="PostCollectionItem_WhenCollectionDoesNotExist_ReturnsNotFound" />
    </UnitTest>
    <UnitTest name="Quotes.Tests.Integration.Testcontainers.DatabaseTests.CreateQuote_ViaApi_PersistsThroughRealEfCoreRoundTrip" storage="d:\deepak\thinkschool\day3\task7-testcontainers\quotes.tests.integration.testcontainers\bin\release\net10.0\quotes.tests.integration.testcontainers.dll" id="a245e904-c0e7-eac6-7a7f-f0855fb751ee">
      <Execution id="dfac9adb-230c-4042-8b51-bf676785aee2" />
      <TestMethod codeBase="D:\Deepak\Thinkschool\Day3\Task7-Testcontainers\Quotes.Tests.Integration.Testcontainers\bin\Release\net10.0\Quotes.Tests.Integration.Testcontainers.dll" adapterTypeName="executor://xunit/VsTestRunner2/netcoreapp" className="Quotes.Tests.Integration.Testcontainers.DatabaseTests" name="CreateQuote_ViaApi_PersistsThroughRealEfCoreRoundTrip" />
    </UnitTest>
    <UnitTest name="Quotes.Tests.Integration.Testcontainers.AuthEndpointTests.ProtectedEndpoint_WithMalformedToken_ReturnsUnauthorizedChallenge" storage="d:\deepak\thinkschool\day3\task7-testcontainers\quotes.tests.integration.testcontainers\bin\release\net10.0\quotes.tests.integration.testcontainers.dll" id="019cf350-5773-06c3-b007-a3ae35f570b4">
      <Execution id="021e3b6d-e3a1-40b6-8b09-d106399daeeb" />
      <TestMethod codeBase="D:\Deepak\Thinkschool\Day3\Task7-Testcontainers\Quotes.Tests.Integration.Testcontainers\bin\Release\net10.0\Quotes.Tests.Integration.Testcontainers.dll" adapterTypeName="executor://xunit/VsTestRunner2/netcoreapp" className="Quotes.Tests.Integration.Testcontainers.AuthEndpointTests" name="ProtectedEndpoint_WithMalformedToken_ReturnsUnauthorizedChallenge" />
    </UnitTest>
    <UnitTest name="Quotes.Tests.Integration.Testcontainers.CollectionEndpointTests.PostCollectionItem_WithValidRequest_ReturnsOkWithItemAdded" storage="d:\deepak\thinkschool\day3\task7-testcontainers\quotes.tests.integration.testcontainers\bin\release\net10.0\quotes.tests.integration.testcontainers.dll" id="577fc189-18b6-e008-9829-725adf8c1ffb">
      <Execution id="c866ec1e-d515-4b12-97c6-da8e2f0c257a" />
      <TestMethod codeBase="D:\Deepak\Thinkschool\Day3\Task7-Testcontainers\Quotes.Tests.Integration.Testcontainers\bin\Release\net10.0\Quotes.Tests.Integration.Testcontainers.dll" adapterTypeName="executor://xunit/VsTestRunner2/netcoreapp" className="Quotes.Tests.Integration.Testcontainers.CollectionEndpointTests" name="PostCollectionItem_WithValidRequest_ReturnsOkWithItemAdded" />
    </UnitTest>
    <UnitTest name="Quotes.Tests.Integration.Testcontainers.AuthEndpointTests.Login_WithInvalidPassword_ReturnsUnauthorized" storage="d:\deepak\thinkschool\day3\task7-testcontainers\quotes.tests.integration.testcontainers\bin\release\net10.0\quotes.tests.integration.testcontainers.dll" id="e659ca3b-47a6-3cfb-1ea2-2aaa85cd9b7e">
      <Execution id="a368f67c-a068-4843-a2f8-cc81f740c5d1" />
      <TestMethod codeBase="D:\Deepak\Thinkschool\Day3\Task7-Testcontainers\Quotes.Tests.Integration.Testcontainers\bin\Release\net10.0\Quotes.Tests.Integration.Testcontainers.dll" adapterTypeName="executor://xunit/VsTestRunner2/netcoreapp" className="Quotes.Tests.Integration.Testcontainers.AuthEndpointTests" name="Login_WithInvalidPassword_ReturnsUnauthorized" />
    </UnitTest>
    <UnitTest name="Quotes.Tests.Integration.Testcontainers.DatabaseTests.Database_OnStartup_SeedsDefaultAdminUser" storage="d:\deepak\thinkschool\day3\task7-testcontainers\quotes.tests.integration.testcontainers\bin\release\net10.0\quotes.tests.integration.testcontainers.dll" id="ee5a7da7-d7c3-eb27-f04a-6b61fbaef63c">
      <Execution id="c7c1cd1a-6921-4cbb-9b09-7ecb540d107a" />
      <TestMethod codeBase="D:\Deepak\Thinkschool\Day3\Task7-Testcontainers\Quotes.Tests.Integration.Testcontainers\bin\Release\net10.0\Quotes.Tests.Integration.Testcontainers.dll" adapterTypeName="executor://xunit/VsTestRunner2/netcoreapp" className="Quotes.Tests.Integration.Testcontainers.DatabaseTests" name="Database_OnStartup_SeedsDefaultAdminUser" />
    </UnitTest>
    <UnitTest name="Quotes.Tests.Integration.Testcontainers.QuotesEndpointTests.DeleteQuote_WhenQuoteDoesNotExist_ReturnsNotFound" storage="d:\deepak\thinkschool\day3\task7-testcontainers\quotes.tests.integration.testcontainers\bin\release\net10.0\quotes.tests.integration.testcontainers.dll" id="b550e284-9770-de7a-ccd9-8d6458cf4bc5">
      <Execution id="5a10a6aa-80d7-4e5d-8614-31f564773fe6" />
      <TestMethod codeBase="D:\Deepak\Thinkschool\Day3\Task7-Testcontainers\Quotes.Tests.Integration.Testcontainers\bin\Release\net10.0\Quotes.Tests.Integration.Testcontainers.dll" adapterTypeName="executor://xunit/VsTestRunner2/netcoreapp" className="Quotes.Tests.Integration.Testcontainers.QuotesEndpointTests" name="DeleteQuote_WhenQuoteDoesNotExist_ReturnsNotFound" />
    </UnitTest>
    <UnitTest name="Quotes.Tests.Integration.Testcontainers.QuotesEndpointTests.PostQuote_WithoutToken_ReturnsUnauthorized" storage="d:\deepak\thinkschool\day3\task7-testcontainers\quotes.tests.integration.testcontainers\bin\release\net10.0\quotes.tests.integration.testcontainers.dll" id="bf9863f6-3777-2bee-a318-f68f29b15e53">
      <Execution id="5105e305-e179-4758-8081-9ad1696b56de" />
      <TestMethod codeBase="D:\Deepak\Thinkschool\Day3\Task7-Testcontainers\Quotes.Tests.Integration.Testcontainers\bin\Release\net10.0\Quotes.Tests.Integration.Testcontainers.dll" adapterTypeName="executor://xunit/VsTestRunner2/netcoreapp" className="Quotes.Tests.Integration.Testcontainers.QuotesEndpointTests" name="PostQuote_WithoutToken_ReturnsUnauthorized" />
    </UnitTest>
    <UnitTest name="Quotes.Tests.Integration.Testcontainers.QuotesEndpointTests.DeleteQuote_AsNonOwner_ReturnsForbidden" storage="d:\deepak\thinkschool\day3\task7-testcontainers\quotes.tests.integration.testcontainers\bin\release\net10.0\quotes.tests.integration.testcontainers.dll" id="1e26622d-9d4e-e2aa-7e76-c900119c937c">
      <Execution id="2a93524e-a570-480e-98c8-64297c021f69" />
      <TestMethod codeBase="D:\Deepak\Thinkschool\Day3\Task7-Testcontainers\Quotes.Tests.Integration.Testcontainers\bin\Release\net10.0\Quotes.Tests.Integration.Testcontainers.dll" adapterTypeName="executor://xunit/VsTestRunner2/netcoreapp" className="Quotes.Tests.Integration.Testcontainers.QuotesEndpointTests" name="DeleteQuote_AsNonOwner_ReturnsForbidden" />
    </UnitTest>
    <UnitTest name="Quotes.Tests.Integration.Testcontainers.CollectionEndpointTests.DeleteCollectionItem_WhenItemNotInCollection_ReturnsBadRequestProblemDetails" storage="d:\deepak\thinkschool\day3\task7-testcontainers\quotes.tests.integration.testcontainers\bin\release\net10.0\quotes.tests.integration.testcontainers.dll" id="4f463229-4686-f484-514d-31de2c987a02">
      <Execution id="2cde9a0d-8433-43ef-a862-02d75dc91453" />
      <TestMethod codeBase="D:\Deepak\Thinkschool\Day3\Task7-Testcontainers\Quotes.Tests.Integration.Testcontainers\bin\Release\net10.0\Quotes.Tests.Integration.Testcontainers.dll" adapterTypeName="executor://xunit/VsTestRunner2/netcoreapp" className="Quotes.Tests.Integration.Testcontainers.CollectionEndpointTests" name="DeleteCollectionItem_WhenItemNotInCollection_ReturnsBadRequestProblemDetails" />
    </UnitTest>
  </TestDefinitions>
  <TestEntries>
    <TestEntry testId="33ebfd05-3ce0-d627-eaab-caab23715aaa" executionId="49fd9f3d-dfa9-457d-b4d4-6b7c75d7d4ae" testListId="8c84fa94-04c1-424b-9868-57a2d4851a1d" />
    <TestEntry testId="6adf66d1-c053-d4ea-76b8-1e9f1dd89fd5" executionId="9e0e6be0-8329-4f2d-b1cf-92e417bc4c9d" testListId="8c84fa94-04c1-424b-9868-57a2d4851a1d" />
    <TestEntry testId="e659ca3b-47a6-3cfb-1ea2-2aaa85cd9b7e" executionId="a368f67c-a068-4843-a2f8-cc81f740c5d1" testListId="8c84fa94-04c1-424b-9868-57a2d4851a1d" />
    <TestEntry testId="edb4ab9a-83dd-214a-2fb9-a1499796d1c0" executionId="8d104041-5599-4122-8319-80c511512f56" testListId="8c84fa94-04c1-424b-9868-57a2d4851a1d" />
    <TestEntry testId="b550e284-9770-de7a-ccd9-8d6458cf4bc5" executionId="5a10a6aa-80d7-4e5d-8614-31f564773fe6" testListId="8c84fa94-04c1-424b-9868-57a2d4851a1d" />
    <TestEntry testId="15eb95d7-41bf-b29b-c645-56c1d2ea061d" executionId="ae1113bb-7c3e-46e4-861f-b047cf9f36e5" testListId="8c84fa94-04c1-424b-9868-57a2d4851a1d" />
    <TestEntry testId="02878490-1a56-3f4f-a223-29fddf04d304" executionId="6d8c2419-8d5a-4a41-88ce-5eb2d99cfcec" testListId="8c84fa94-04c1-424b-9868-57a2d4851a1d" />
    <TestEntry testId="8ada1737-ceef-6fcf-3f8f-a1ce6ff9dc8c" executionId="2c329e88-9710-47f0-8142-5b567bf842bf" testListId="8c84fa94-04c1-424b-9868-57a2d4851a1d" />
    <TestEntry testId="8e1bfa8c-635e-681a-b42f-2a1e9bf0c0aa" executionId="db841a9b-1d47-4d46-b50f-54426bbcccca" testListId="8c84fa94-04c1-424b-9868-57a2d4851a1d" />
    <TestEntry testId="4edf0a16-8565-63ec-45af-f30dc5119c1f" executionId="f7d0cefc-f462-42b0-96d2-8e15992a8107" testListId="8c84fa94-04c1-424b-9868-57a2d4851a1d" />
    <TestEntry testId="577fc189-18b6-e008-9829-725adf8c1ffb" executionId="c866ec1e-d515-4b12-97c6-da8e2f0c257a" testListId="8c84fa94-04c1-424b-9868-57a2d4851a1d" />
    <TestEntry testId="23560050-7aae-980e-0ae1-207974540efe" executionId="a153e17e-315d-40f2-8099-a0944a64e56f" testListId="8c84fa94-04c1-424b-9868-57a2d4851a1d" />
    <TestEntry testId="aa8bcdee-8c8c-7d18-0826-78202845acfa" executionId="27433cf5-14dd-403f-b80d-186952fd6098" testListId="8c84fa94-04c1-424b-9868-57a2d4851a1d" />
    <TestEntry testId="adb65674-d0fa-af94-e4d4-2b6744f22937" executionId="fffa67f1-d16a-4332-b41e-d47ae0456dd2" testListId="8c84fa94-04c1-424b-9868-57a2d4851a1d" />
    <TestEntry testId="a2702bdd-a9d4-2b31-ebb1-7208e0015e3d" executionId="ac8fc9d3-a02c-4036-80ea-224442661f6f" testListId="8c84fa94-04c1-424b-9868-57a2d4851a1d" />
    <TestEntry testId="bb813afb-41b6-87f5-1021-5886b635fe27" executionId="2e4702db-21f7-44ae-85ff-42a790f56bd8" testListId="8c84fa94-04c1-424b-9868-57a2d4851a1d" />
    <TestEntry testId="ee5a7da7-d7c3-eb27-f04a-6b61fbaef63c" executionId="c7c1cd1a-6921-4cbb-9b09-7ecb540d107a" testListId="8c84fa94-04c1-424b-9868-57a2d4851a1d" />
    <TestEntry testId="f7a0c855-16c4-7735-37f7-74ac7a1e9daa" executionId="6cfe4c6b-4703-4abb-ab06-c5f1cf3e3a7f" testListId="8c84fa94-04c1-424b-9868-57a2d4851a1d" />
    <TestEntry testId="4ba57cbd-32af-2f18-223c-5fd7fd19282b" executionId="67ff3ed9-dd21-4640-843b-96f66ce6ea93" testListId="8c84fa94-04c1-424b-9868-57a2d4851a1d" />
    <TestEntry testId="4ab9154b-f91f-1674-ade2-f0f39ce428e1" executionId="7717682d-c288-422d-a4f4-168f979acd0b" testListId="8c84fa94-04c1-424b-9868-57a2d4851a1d" />
    <TestEntry testId="ad4afc91-c471-ceef-dc91-6d2aba128c88" executionId="50e1914c-7829-4673-88cc-afc6f7b4f009" testListId="8c84fa94-04c1-424b-9868-57a2d4851a1d" />
    <TestEntry testId="f34f21a6-2f11-10f1-5e0f-ac96a9799d72" executionId="a09465c1-0772-4587-8bdd-674bfdd69a64" testListId="8c84fa94-04c1-424b-9868-57a2d4851a1d" />
    <TestEntry testId="775e7c81-96bf-62c1-cac1-92ca3034ba11" executionId="7f1b47d3-03df-4375-9f42-27a7e26d9eb0" testListId="8c84fa94-04c1-424b-9868-57a2d4851a1d" />
    <TestEntry testId="1e26622d-9d4e-e2aa-7e76-c900119c937c" executionId="2a93524e-a570-480e-98c8-64297c021f69" testListId="8c84fa94-04c1-424b-9868-57a2d4851a1d" />
    <TestEntry testId="962465ba-e801-a7a4-0d81-fac08382a5ee" executionId="d1bef6a4-41c3-440b-ba8f-947dfc266e3d" testListId="8c84fa94-04c1-424b-9868-57a2d4851a1d" />
    <TestEntry testId="4f463229-4686-f484-514d-31de2c987a02" executionId="2cde9a0d-8433-43ef-a862-02d75dc91453" testListId="8c84fa94-04c1-424b-9868-57a2d4851a1d" />
    <TestEntry testId="a245e904-c0e7-eac6-7a7f-f0855fb751ee" executionId="dfac9adb-230c-4042-8b51-bf676785aee2" testListId="8c84fa94-04c1-424b-9868-57a2d4851a1d" />
    <TestEntry testId="bf07804d-e3f5-c099-607f-cfa5848c3466" executionId="d8c6fc11-4749-438a-a52b-1ecf3b917bb5" testListId="8c84fa94-04c1-424b-9868-57a2d4851a1d" />
    <TestEntry testId="bf9863f6-3777-2bee-a318-f68f29b15e53" executionId="5105e305-e179-4758-8081-9ad1696b56de" testListId="8c84fa94-04c1-424b-9868-57a2d4851a1d" />
    <TestEntry testId="019cf350-5773-06c3-b007-a3ae35f570b4" executionId="021e3b6d-e3a1-40b6-8b09-d106399daeeb" testListId="8c84fa94-04c1-424b-9868-57a2d4851a1d" />
    <TestEntry testId="9803fed6-4595-aea0-232f-b73764293ba6" executionId="9235d83b-83b0-450f-aa64-3e9ebbdb157e" testListId="8c84fa94-04c1-424b-9868-57a2d4851a1d" />
    <TestEntry testId="bff24da3-17bd-63e0-1150-148490334e31" executionId="f9ab94d8-ed69-4ed8-b648-c1ea64d6a736" testListId="8c84fa94-04c1-424b-9868-57a2d4851a1d" />
    <TestEntry testId="2abdace3-c9e8-d991-7155-9a22bd3c40eb" executionId="1e0b4e6f-a0c8-4723-b73b-9a4cd2e14a35" testListId="8c84fa94-04c1-424b-9868-57a2d4851a1d" />
    <TestEntry testId="35471e42-a303-8142-a2c4-1bf69fa7e419" executionId="3b040102-6e63-4ef2-9780-d844cc828987" testListId="8c84fa94-04c1-424b-9868-57a2d4851a1d" />
    <TestEntry testId="f8cd339b-6139-829f-e7d1-ac4f67b34a0d" executionId="272437a3-0656-4385-9608-f64a7ee47ad0" testListId="8c84fa94-04c1-424b-9868-57a2d4851a1d" />
    <TestEntry testId="ee4638b2-498d-3618-8d4e-4b73a43e6fc0" executionId="b7aeca2d-7bfa-497b-ae58-636e1be9ca89" testListId="8c84fa94-04c1-424b-9868-57a2d4851a1d" />
    <TestEntry testId="02b657e3-3ed0-044a-b5af-063d63292501" executionId="abc42081-342d-4335-bc7c-824b40d0baa4" testListId="8c84fa94-04c1-424b-9868-57a2d4851a1d" />
    <TestEntry testId="6218e31a-65d4-d5ad-1132-b986e4c3d8c8" executionId="95a02b01-cbbf-4746-a394-327c3af04200" testListId="8c84fa94-04c1-424b-9868-57a2d4851a1d" />
  </TestEntries>
  <TestLists>
    <TestList name="Results Not in a List" id="8c84fa94-04c1-424b-9868-57a2d4851a1d" />
    <TestList name="All Loaded Results" id="19431567-8539-422a-85d7-44ee4e166bda" />
  </TestLists>
  <ResultSummary outcome="Completed">
    <Counters total="38" executed="38" passed="38" failed="0" error="0" timeout="0" aborted="0" inconclusive="0" passedButRunAborted="0" notRunnable="0" notExecuted="0" disconnected="0" warning="0" completed="0" inProgress="0" pending="0" />
    <Output>
      <StdOut>[xUnit.net 00:00:00.00] xUnit.net VSTest Adapter v2.8.2+699d445a1a (64-bit .NET 10.0.11)&#xD;
[xUnit.net 00:00:00.39]   Discovering: Quotes.Tests.Integration.Testcontainers&#xD;
[xUnit.net 00:00:00.46]   Discovered:  Quotes.Tests.Integration.Testcontainers&#xD;
[xUnit.net 00:00:00.47]   Starting:    Quotes.Tests.Integration.Testcontainers&#xD;
[testcontainers.org 00:00:00.19] Connected to Docker:&#xD;
  Host: npipe://./pipe/docker_engine&#xD;
  Server Version: 29.7.2&#xD;
  Kernel Version: 6.18.33.2-microsoft-standard-WSL2&#xD;
  API Version: 1.55&#xD;
  Operating System: Docker Desktop&#xD;
  Total Memory: 15.54 GB&#xD;
  Labels: &#xD;
    com.docker.desktop.address=npipe://\\.\pipe\docker_cli&#xD;
[testcontainers.org 00:00:00.60] Docker container 572386b4dd0f created&#xD;
[testcontainers.org 00:00:00.71] Start Docker container 572386b4dd0f&#xD;
[testcontainers.org 00:00:01.07] Wait for Docker container 572386b4dd0f to complete readiness checks&#xD;
[testcontainers.org 00:00:01.08] Docker container 572386b4dd0f ready&#xD;
[testcontainers.org 00:00:01.26] Docker container 2c5850e43a34 created&#xD;
[testcontainers.org 00:00:01.27] Start Docker container 2c5850e43a34&#xD;
[testcontainers.org 00:00:01.59] Wait for Docker container 2c5850e43a34 to complete readiness checks&#xD;
[testcontainers.org 00:00:01.61] Execute "/bin/sh -c find /opt/mssql-tools*/bin/sqlcmd -type f -print -quit" at Docker container 2c5850e43a34&#xD;
[testcontainers.org 00:00:01.77] Execute "/opt/mssql-tools18/bin/sqlcmd -C -Q SELECT 1;" at Docker container 2c5850e43a34&#xD;
[testcontainers.org 00:00:11.00] Execute "/opt/mssql-tools18/bin/sqlcmd -C -Q SELECT 1;" at Docker container 2c5850e43a34&#xD;
[testcontainers.org 00:00:12.88] Execute "/opt/mssql-tools18/bin/sqlcmd -C -Q SELECT 1;" at Docker container 2c5850e43a34&#xD;
[testcontainers.org 00:00:14.06] Execute "/opt/mssql-tools18/bin/sqlcmd -C -Q SELECT 1;" at Docker container 2c5850e43a34&#xD;
[testcontainers.org 00:00:14.21] Docker container 2c5850e43a34 ready&#xD;
info: Microsoft.EntityFrameworkCore.Database.Command[20101]&#xD;
      Executed DbCommand (31ms) [Parameters=[@email='?' (Size = 255)], CommandType='Text', CommandTimeout='30']&#xD;
      SELECT CASE&#xD;
          WHEN EXISTS (&#xD;
              SELECT 1&#xD;
              FROM [Users] AS [u]&#xD;
              WHERE [u].[Email] = @email) THEN CAST(1 AS bit)&#xD;
          ELSE CAST(0 AS bit)&#xD;
      END&#xD;
info: Microsoft.EntityFrameworkCore.Database.Command[20101]&#xD;
      Executed DbCommand (27ms) [Parameters=[@p0='?' (Size = 255), @p1='?' (Size = 4000)], CommandType='Text', CommandTimeout='30']&#xD;
      SET IMPLICIT_TRANSACTIONS OFF;&#xD;
      SET NOCOUNT ON;&#xD;
      INSERT INTO [Users] ([Email], [PasswordHash])&#xD;
      OUTPUT INSERTED.[Id]&#xD;
      VALUES (@p0, @p1);&#xD;
info: Microsoft.AspNetCore.DataProtection.KeyManagement.XmlKeyManager[63]&#xD;
      User profile is available. Using 'C:\Users\admin\AppData\Local\ASP.NET\DataProtection-Keys' as key repository and Windows DPAPI to encrypt keys at rest.&#xD;
info: Microsoft.Hosting.Lifetime[0]&#xD;
      Application started. Press Ctrl+C to shut down.&#xD;
info: Microsoft.Hosting.Lifetime[0]&#xD;
      Hosting environment: Testing&#xD;
info: Microsoft.Hosting.Lifetime[0]&#xD;
      Content root path: D:\Deepak\Thinkschool\Day3\Task7-Testcontainers\QuotesApi&#xD;
info: Microsoft.AspNetCore.Hosting.Diagnostics[1]&#xD;
      Request starting HTTP/1.1 POST http://localhost/api/quotes - application/json;+charset=utf-8 44&#xD;
info: Microsoft.AspNetCore.Authentication.JwtBearer.JwtBearerHandler[1]&#xD;
      Failed to validate the token.&#xD;
      Microsoft.IdentityModel.Tokens.SecurityTokenMalformedException: IDX14100: JWT is not well formed, there are no dots (.).&#xD;
The token needs to be in JWS or JWE Compact Serialization Format. (JWS): 'EncodedHeader.EncodedPayload.EncodedSignature'. (JWE): 'EncodedProtectedHeader.EncodedEncryptedKey.EncodedInitializationVector.EncodedCiphertext.EncodedAuthenticationTag'.&#xD;
         at Microsoft.IdentityModel.JsonWebTokens.JsonWebToken.ReadToken(ReadOnlyMemory`1 encodedTokenMemory)&#xD;
         at Microsoft.IdentityModel.JsonWebTokens.JsonWebToken..ctor(String jwtEncodedString, TryReadJwtClaim tryReadJwtClaim)&#xD;
         at Microsoft.IdentityModel.JsonWebTokens.JsonWebTokenHandler.ReadToken(String token, TokenValidationParameters validationParameters)&#xD;
info: Microsoft.AspNetCore.Authentication.JwtBearer.JwtBearerHandler[7]&#xD;
      InternalJwt was not authenticated. Failure message: IDX14100: JWT is not well formed, there are no dots (.).&#xD;
The token needs to be in JWS or JWE Compact Serialization Format. (JWS): 'EncodedHeader.EncodedPayload.EncodedSignature'. (JWE): 'EncodedProtectedHeader.EncodedEncryptedKey.EncodedInitializationVector.EncodedCiphertext.EncodedAuthenticationTag'.&#xD;
info: Microsoft.AspNetCore.Authorization.DefaultAuthorizationService[2]&#xD;
      Authorization failed. These requirements were not met:&#xD;
      ClaimsAuthorizationRequirement:Claim.Type=scope and Claim.Value is one of the following values: (quotes.write)&#xD;
info: Microsoft.AspNetCore.Authentication.JwtBearer.JwtBearerHandler[12]&#xD;
      AuthenticationScheme: InternalJwt was challenged.&#xD;
info: Microsoft.AspNetCore.Hosting.Diagnostics[2]&#xD;
      Request finished HTTP/1.1 POST http://localhost/api/quotes - 401 - - 173.5255ms&#xD;
info: Microsoft.Hosting.Lifetime[0]&#xD;
      Application is shutting down...&#xD;
info: Microsoft.EntityFrameworkCore.Database.Command[20101]&#xD;
      Executed DbCommand (4ms) [Parameters=[@email='?' (Size = 255)], CommandType='Text', CommandTimeout='30']&#xD;
      SELECT CASE&#xD;
          WHEN EXISTS (&#xD;
              SELECT 1&#xD;
              FROM [Users] AS [u]&#xD;
              WHERE [u].[Email] = @email) THEN CAST(1 AS bit)&#xD;
          ELSE CAST(0 AS bit)&#xD;
      END&#xD;
info: Microsoft.EntityFrameworkCore.Database.Command[20101]&#xD;
      Executed DbCommand (49ms) [Parameters=[@p0='?' (Size = 255), @p1='?' (Size = 4000)], CommandType='Text', CommandTimeout='30']&#xD;
      SET IMPLICIT_TRANSACTIONS OFF;&#xD;
      SET NOCOUNT ON;&#xD;
      INSERT INTO [Users] ([Email], [PasswordHash])&#xD;
      OUTPUT INSERTED.[Id]&#xD;
      VALUES (@p0, @p1);&#xD;
info: Microsoft.AspNetCore.DataProtection.KeyManagement.XmlKeyManager[63]&#xD;
      User profile is available. Using 'C:\Users\admin\AppData\Local\ASP.NET\DataProtection-Keys' as key repository and Windows DPAPI to encrypt keys at rest.&#xD;
info: Microsoft.Hosting.Lifetime[0]&#xD;
      Application started. Press Ctrl+C to shut down.&#xD;
info: Microsoft.Hosting.Lifetime[0]&#xD;
      Hosting environment: Testing&#xD;
info: Microsoft.Hosting.Lifetime[0]&#xD;
      Content root path: D:\Deepak\Thinkschool\Day3\Task7-Testcontainers\QuotesApi&#xD;
info: Microsoft.AspNetCore.Hosting.Diagnostics[1]&#xD;
      Request starting HTTP/1.1 POST http://localhost/api/auth/login - application/json;+charset=utf-8 53&#xD;
info: Microsoft.AspNetCore.Routing.EndpointMiddleware[0]&#xD;
      Executing endpoint 'HTTP: POST /api/auth/login'&#xD;
info: Microsoft.EntityFrameworkCore.Database.Command[20101]&#xD;
      Executed DbCommand (10ms) [Parameters=[@email='?' (Size = 255)], CommandType='Text', CommandTimeout='30']&#xD;
      SELECT TOP(1) [u].[Id], [u].[Email], [u].[PasswordHash]&#xD;
      FROM [Users] AS [u]&#xD;
      WHERE [u].[Email] = @email&#xD;
info: Microsoft.EntityFrameworkCore.Database.Command[20101]&#xD;
      Executed DbCommand (50ms) [Parameters=[@p0='?' (DbType = DateTime2), @p1='?' (DbType = DateTime2), @p2='?' (Size = 64), @p3='?' (Size = 4000), @p4='?' (DbType = DateTime2), @p5='?' (Size = 450), @p6='?' (DbType = Int32)], CommandType='Text', CommandTimeout='30']&#xD;
      SET IMPLICIT_TRANSACTIONS OFF;&#xD;
      SET NOCOUNT ON;&#xD;
      INSERT INTO [RefreshTokens] ([CreatedAtUtc], [ExpiresAtUtc], [FamilyId], [ReplacedByTokenHash], [RevokedAtUtc], [TokenHash], [UserId])&#xD;
      OUTPUT INSERTED.[Id]&#xD;
      VALUES (@p0, @p1, @p2, @p3, @p4, @p5, @p6);&#xD;
info: Microsoft.AspNetCore.Http.Result.OkObjectResult[1]&#xD;
      Setting HTTP status code 200.&#xD;
info: Microsoft.AspNetCore.Http.Result.OkObjectResult[3]&#xD;
      Writing value of type 'LoginResponse' as Json.&#xD;
info: Microsoft.AspNetCore.Routing.EndpointMiddleware[1]&#xD;
      Executed endpoint 'HTTP: POST /api/auth/login'&#xD;
info: Microsoft.AspNetCore.Hosting.Diagnostics[1]&#xD;
      Request starting HTTP/1.1 POST http://localhost/api/auth/logout - application/json;+charset=utf-8 112&#xD;
info: Microsoft.AspNetCore.Hosting.Diagnostics[2]&#xD;
      Request finished HTTP/1.1 POST http://localhost/api/auth/login - 200 - application/json;+charset=utf-8 684.9879ms&#xD;
info: Microsoft.AspNetCore.Routing.EndpointMiddleware[0]&#xD;
      Executing endpoint 'HTTP: POST /api/auth/logout'&#xD;
info: Microsoft.EntityFrameworkCore.Database.Command[20101]&#xD;
      Executed DbCommand (10ms) [Parameters=[@tokenHash='?' (Size = 450)], CommandType='Text', CommandTimeout='30']&#xD;
      SELECT TOP(1) [r].[Id], [r].[CreatedAtUtc], [r].[ExpiresAtUtc], [r].[FamilyId], [r].[ReplacedByTokenHash], [r].[RevokedAtUtc], [r].[TokenHash], [r].[UserId]&#xD;
      FROM [RefreshTokens] AS [r]&#xD;
      WHERE [r].[TokenHash] = @tokenHash&#xD;
info: Microsoft.EntityFrameworkCore.Database.Command[20101]&#xD;
      Executed DbCommand (16ms) [Parameters=[@p1='?' (DbType = Int32), @p0='?' (DbType = DateTime2)], CommandType='Text', CommandTimeout='30']&#xD;
      SET IMPLICIT_TRANSACTIONS OFF;&#xD;
      SET NOCOUNT ON;&#xD;
      UPDATE [RefreshTokens] SET [RevokedAtUtc] = @p0&#xD;
      OUTPUT 1&#xD;
      WHERE [Id] = @p1;&#xD;
info: Microsoft.AspNetCore.Http.Result.OkObjectResult[1]&#xD;
      Setting HTTP status code 200.&#xD;
info: Microsoft.AspNetCore.Routing.EndpointMiddleware[1]&#xD;
      Executed endpoint 'HTTP: POST /api/auth/logout'&#xD;
info: Microsoft.AspNetCore.Hosting.Diagnostics[2]&#xD;
      Request finished HTTP/1.1 POST http://localhost/api/auth/logout - 200 - - 53.9251ms&#xD;
info: Microsoft.AspNetCore.Hosting.Diagnostics[1]&#xD;
      Request starting HTTP/1.1 POST http://localhost/api/auth/refresh - application/json;+charset=utf-8 112&#xD;
info: Microsoft.AspNetCore.Routing.EndpointMiddleware[0]&#xD;
      Executing endpoint 'HTTP: POST /api/auth/refresh'&#xD;
info: Microsoft.EntityFrameworkCore.Database.Command[20101]&#xD;
      Executed DbCommand (18ms) [Parameters=[@tokenHash='?' (Size = 450)], CommandType='Text', CommandTimeout='30']&#xD;
      SELECT TOP(1) [r].[Id], [r].[CreatedAtUtc], [r].[ExpiresAtUtc], [r].[FamilyId], [r].[ReplacedByTokenHash], [r].[RevokedAtUtc], [r].[TokenHash], [r].[UserId], [u].[Id], [u].[Email], [u].[PasswordHash]&#xD;
      FROM [RefreshTokens] AS [r]&#xD;
      INNER JOIN [Users] AS [u] ON [r].[UserId] = [u].[Id]&#xD;
      WHERE [r].[TokenHash] = @tokenHash&#xD;
info: Microsoft.AspNetCore.Http.Result.UnauthorizedResult[1]&#xD;
      Setting HTTP status code 401.&#xD;
info: Microsoft.AspNetCore.Routing.EndpointMiddleware[1]&#xD;
      Executed endpoint 'HTTP: POST /api/auth/refresh'&#xD;
info: Microsoft.AspNetCore.Hosting.Diagnostics[2]&#xD;
      Request finished HTTP/1.1 POST http://localhost/api/auth/refresh - 401 - - 98.2183ms&#xD;
info: Microsoft.Hosting.Lifetime[0]&#xD;
      Application is shutting down...&#xD;
info: Microsoft.EntityFrameworkCore.Database.Command[20101]&#xD;
      Executed DbCommand (3ms) [Parameters=[@email='?' (Size = 255)], CommandType='Text', CommandTimeout='30']&#xD;
      SELECT CASE&#xD;
          WHEN EXISTS (&#xD;
              SELECT 1&#xD;
              FROM [Users] AS [u]&#xD;
              WHERE [u].[Email] = @email) THEN CAST(1 AS bit)&#xD;
          ELSE CAST(0 AS bit)&#xD;
      END&#xD;
info: Microsoft.EntityFrameworkCore.Database.Command[20101]&#xD;
      Executed DbCommand (48ms) [Parameters=[@p0='?' (Size = 255), @p1='?' (Size = 4000)], CommandType='Text', CommandTimeout='30']&#xD;
      SET IMPLICIT_TRANSACTIONS OFF;&#xD;
      SET NOCOUNT ON;&#xD;
      INSERT INTO [Users] ([Email], [PasswordHash])&#xD;
      OUTPUT INSERTED.[Id]&#xD;
      VALUES (@p0, @p1);&#xD;
info: Microsoft.AspNetCore.DataProtection.KeyManagement.XmlKeyManager[63]&#xD;
      User profile is available. Using 'C:\Users\admin\AppData\Local\ASP.NET\DataProtection-Keys' as key repository and Windows DPAPI to encrypt keys at rest.&#xD;
info: Microsoft.Hosting.Lifetime[0]&#xD;
      Application started. Press Ctrl+C to shut down.&#xD;
info: Microsoft.Hosting.Lifetime[0]&#xD;
      Hosting environment: Testing&#xD;
info: Microsoft.Hosting.Lifetime[0]&#xD;
      Content root path: D:\Deepak\Thinkschool\Day3\Task7-Testcontainers\QuotesApi&#xD;
info: Microsoft.AspNetCore.Hosting.Diagnostics[1]&#xD;
      Request starting HTTP/1.1 POST http://localhost/api/auth/login - application/json;+charset=utf-8 53&#xD;
info: Microsoft.AspNetCore.Routing.EndpointMiddleware[0]&#xD;
      Executing endpoint 'HTTP: POST /api/auth/login'&#xD;
info: Microsoft.EntityFrameworkCore.Database.Command[20101]&#xD;
      Executed DbCommand (10ms) [Parameters=[@email='?' (Size = 255)], CommandType='Text', CommandTimeout='30']&#xD;
      SELECT TOP(1) [u].[Id], [u].[Email], [u].[PasswordHash]&#xD;
      FROM [Users] AS [u]&#xD;
      WHERE [u].[Email] = @email&#xD;
info: Microsoft.EntityFrameworkCore.Database.Command[20101]&#xD;
      Executed DbCommand (49ms) [Parameters=[@p0='?' (DbType = DateTime2), @p1='?' (DbType = DateTime2), @p2='?' (Size = 64), @p3='?' (Size = 4000), @p4='?' (DbType = DateTime2), @p5='?' (Size = 450), @p6='?' (DbType = Int32)], CommandType='Text', CommandTimeout='30']&#xD;
      SET IMPLICIT_TRANSACTIONS OFF;&#xD;
      SET NOCOUNT ON;&#xD;
      INSERT INTO [RefreshTokens] ([CreatedAtUtc], [ExpiresAtUtc], [FamilyId], [ReplacedByTokenHash], [RevokedAtUtc], [TokenHash], [UserId])&#xD;
      OUTPUT INSERTED.[Id]&#xD;
      VALUES (@p0, @p1, @p2, @p3, @p4, @p5, @p6);&#xD;
info: Microsoft.AspNetCore.Http.Result.OkObjectResult[1]&#xD;
      Setting HTTP status code 200.&#xD;
info: Microsoft.AspNetCore.Http.Result.OkObjectResult[3]&#xD;
      Writing value of type 'LoginResponse' as Json.&#xD;
info: Microsoft.AspNetCore.Routing.EndpointMiddleware[1]&#xD;
      Executed endpoint 'HTTP: POST /api/auth/login'&#xD;
info: Microsoft.AspNetCore.Hosting.Diagnostics[2]&#xD;
      Request finished HTTP/1.1 POST http://localhost/api/auth/login - 200 - application/json;+charset=utf-8 510.2097ms&#xD;
info: Microsoft.AspNetCore.Hosting.Diagnostics[1]&#xD;
      Request starting HTTP/1.1 POST http://localhost/api/auth/refresh - application/json;+charset=utf-8 122&#xD;
info: Microsoft.AspNetCore.Routing.EndpointMiddleware[0]&#xD;
      Executing endpoint 'HTTP: POST /api/auth/refresh'&#xD;
info: Microsoft.EntityFrameworkCore.Database.Command[20101]&#xD;
      Executed DbCommand (25ms) [Parameters=[@tokenHash='?' (Size = 450)], CommandType='Text', CommandTimeout='30']&#xD;
      SELECT TOP(1) [r].[Id], [r].[CreatedAtUtc], [r].[ExpiresAtUtc], [r].[FamilyId], [r].[ReplacedByTokenHash], [r].[RevokedAtUtc], [r].[TokenHash], [r].[UserId], [u].[Id], [u].[Email], [u].[PasswordHash]&#xD;
      FROM [RefreshTokens] AS [r]&#xD;
      INNER JOIN [Users] AS [u] ON [r].[UserId] = [u].[Id]&#xD;
      WHERE [r].[TokenHash] = @tokenHash&#xD;
info: Microsoft.EntityFrameworkCore.Database.Command[20101]&#xD;
      Executed DbCommand (11ms) [Parameters=[@p1='?' (DbType = Int32), @p0='?' (Size = 4000), @p2='?' (DbType = DateTime2), @p3='?' (DbType = DateTime2), @p4='?' (Size = 64), @p5='?' (Size = 4000), @p6='?' (DbType = DateTime2), @p7='?' (Size = 450), @p8='?' (DbType = Int32)], CommandType='Text', CommandTimeout='30']&#xD;
      SET NOCOUNT ON;&#xD;
      UPDATE [RefreshTokens] SET [ReplacedByTokenHash] = @p0&#xD;
      OUTPUT 1&#xD;
      WHERE [Id] = @p1;&#xD;
      INSERT INTO [RefreshTokens] ([CreatedAtUtc], [ExpiresAtUtc], [FamilyId], [ReplacedByTokenHash], [RevokedAtUtc], [TokenHash], [UserId])&#xD;
      OUTPUT INSERTED.[Id]&#xD;
      VALUES (@p2, @p3, @p4, @p5, @p6, @p7, @p8);&#xD;
info: Microsoft.AspNetCore.Http.Result.OkObjectResult[1]&#xD;
      Setting HTTP status code 200.&#xD;
info: Microsoft.AspNetCore.Http.Result.OkObjectResult[3]&#xD;
      Writing value of type 'LoginResponse' as Json.&#xD;
info: Microsoft.AspNetCore.Routing.EndpointMiddleware[1]&#xD;
      Executed endpoint 'HTTP: POST /api/auth/refresh'&#xD;
info: Microsoft.AspNetCore.Hosting.Diagnostics[2]&#xD;
      Request finished HTTP/1.1 POST http://localhost/api/auth/refresh - 200 - application/json;+charset=utf-8 64.4675ms&#xD;
info: Microsoft.Hosting.Lifetime[0]&#xD;
      Application is shutting down...&#xD;
info: Microsoft.EntityFrameworkCore.Database.Command[20101]&#xD;
      Executed DbCommand (6ms) [Parameters=[@email='?' (Size = 255)], CommandType='Text', CommandTimeout='30']&#xD;
      SELECT CASE&#xD;
          WHEN EXISTS (&#xD;
              SELECT 1&#xD;
              FROM [Users] AS [u]&#xD;
              WHERE [u].[Email] = @email) THEN CAST(1 AS bit)&#xD;
          ELSE CAST(0 AS bit)&#xD;
      END&#xD;
info: Microsoft.EntityFrameworkCore.Database.Command[20101]&#xD;
      Executed DbCommand (49ms) [Parameters=[@p0='?' (Size = 255), @p1='?' (Size = 4000)], CommandType='Text', CommandTimeout='30']&#xD;
      SET IMPLICIT_TRANSACTIONS OFF;&#xD;
      SET NOCOUNT ON;&#xD;
      INSERT INTO [Users] ([Email], [PasswordHash])&#xD;
      OUTPUT INSERTED.[Id]&#xD;
      VALUES (@p0, @p1);&#xD;
info: Microsoft.AspNetCore.DataProtection.KeyManagement.XmlKeyManager[63]&#xD;
      User profile is available. Using 'C:\Users\admin\AppData\Local\ASP.NET\DataProtection-Keys' as key repository and Windows DPAPI to encrypt keys at rest.&#xD;
info: Microsoft.Hosting.Lifetime[0]&#xD;
      Application started. Press Ctrl+C to shut down.&#xD;
info: Microsoft.Hosting.Lifetime[0]&#xD;
      Hosting environment: Testing&#xD;
info: Microsoft.Hosting.Lifetime[0]&#xD;
      Content root path: D:\Deepak\Thinkschool\Day3\Task7-Testcontainers\QuotesApi&#xD;
info: Microsoft.AspNetCore.Hosting.Diagnostics[1]&#xD;
      Request starting HTTP/1.1 POST http://localhost/api/auth/login - application/json;+charset=utf-8 55&#xD;
info: Microsoft.AspNetCore.Routing.EndpointMiddleware[0]&#xD;
      Executing endpoint 'HTTP: POST /api/auth/login'&#xD;
info: Microsoft.EntityFrameworkCore.Database.Command[20101]&#xD;
      Executed DbCommand (10ms) [Parameters=[@email='?' (Size = 255)], CommandType='Text', CommandTimeout='30']&#xD;
      SELECT TOP(1) [u].[Id], [u].[Email], [u].[PasswordHash]&#xD;
      FROM [Users] AS [u]&#xD;
      WHERE [u].[Email] = @email&#xD;
info: Microsoft.AspNetCore.Http.Result.UnauthorizedResult[1]&#xD;
      Setting HTTP status code 401.&#xD;
info: Microsoft.AspNetCore.Routing.EndpointMiddleware[1]&#xD;
      Executed endpoint 'HTTP: POST /api/auth/login'&#xD;
info: Microsoft.AspNetCore.Hosting.Diagnostics[2]&#xD;
      Request finished HTTP/1.1 POST http://localhost/api/auth/login - 401 - - 52.1940ms&#xD;
info: Microsoft.Hosting.Lifetime[0]&#xD;
      Application is shutting down...&#xD;
info: Microsoft.EntityFrameworkCore.Database.Command[20101]&#xD;
      Executed DbCommand (3ms) [Parameters=[@email='?' (Size = 255)], CommandType='Text', CommandTimeout='30']&#xD;
      SELECT CASE&#xD;
          WHEN EXISTS (&#xD;
              SELECT 1&#xD;
              FROM [Users] AS [u]&#xD;
              WHERE [u].[Email] = @email) THEN CAST(1 AS bit)&#xD;
          ELSE CAST(0 AS bit)&#xD;
      END&#xD;
info: Microsoft.EntityFrameworkCore.Database.Command[20101]&#xD;
      Executed DbCommand (8ms) [Parameters=[@p0='?' (Size = 255), @p1='?' (Size = 4000)], CommandType='Text', CommandTimeout='30']&#xD;
      SET IMPLICIT_TRANSACTIONS OFF;&#xD;
      SET NOCOUNT ON;&#xD;
      INSERT INTO [Users] ([Email], [PasswordHash])&#xD;
      OUTPUT INSERTED.[Id]&#xD;
      VALUES (@p0, @p1);&#xD;
info: Microsoft.AspNetCore.DataProtection.KeyManagement.XmlKeyManager[63]&#xD;
      User profile is available. Using 'C:\Users\admin\AppData\Local\ASP.NET\DataProtection-Keys' as key repository and Windows DPAPI to encrypt keys at rest.&#xD;
info: Microsoft.Hosting.Lifetime[0]&#xD;
      Application started. Press Ctrl+C to shut down.&#xD;
info: Microsoft.Hosting.Lifetime[0]&#xD;
      Hosting environment: Testing&#xD;
info: Microsoft.Hosting.Lifetime[0]&#xD;
      Content root path: D:\Deepak\Thinkschool\Day3\Task7-Testcontainers\QuotesApi&#xD;
info: Microsoft.AspNetCore.Hosting.Diagnostics[1]&#xD;
      Request starting HTTP/1.1 POST http://localhost/api/auth/login - application/json;+charset=utf-8 53&#xD;
info: Microsoft.AspNetCore.Routing.EndpointMiddleware[0]&#xD;
      Executing endpoint 'HTTP: POST /api/auth/login'&#xD;
[...]
info: Microsoft.AspNetCore.Authorization.DefaultAuthorizationService[2]&#xD;
      Authorization failed. These requirements were not met:&#xD;
      ClaimsAuthorizationRequirement:Claim.Type=scope and Claim.Value is one of the following values: (quotes.write)&#xD;
info: Microsoft.AspNetCore.Authentication.JwtBearer.JwtBearerHandler[13]&#xD;
      AuthenticationScheme: InternalJwt was forbidden.&#xD;
info: Microsoft.AspNetCore.Hosting.Diagnostics[2]&#xD;
      Request finished HTTP/1.1 POST http://localhost/api/quotes - 403 - - 24.7112ms&#xD;
info: Microsoft.Hosting.Lifetime[0]&#xD;
      Application is shutting down...&#xD;
info: Microsoft.EntityFrameworkCore.Database.Command[20101]&#xD;
      Executed DbCommand (4ms) [Parameters=[@email='?' (Size = 255)], CommandType='Text', CommandTimeout='30']&#xD;
      SELECT CASE&#xD;
          WHEN EXISTS (&#xD;
              SELECT 1&#xD;
              FROM [Users] AS [u]&#xD;
              WHERE [u].[Email] = @email) THEN CAST(1 AS bit)&#xD;
          ELSE CAST(0 AS bit)&#xD;
      END&#xD;
info: Microsoft.EntityFrameworkCore.Database.Command[20101]&#xD;
      Executed DbCommand (8ms) [Parameters=[@p0='?' (Size = 255), @p1='?' (Size = 4000)], CommandType='Text', CommandTimeout='30']&#xD;
      SET IMPLICIT_TRANSACTIONS OFF;&#xD;
      SET NOCOUNT ON;&#xD;
      INSERT INTO [Users] ([Email], [PasswordHash])&#xD;
      OUTPUT INSERTED.[Id]&#xD;
      VALUES (@p0, @p1);&#xD;
info: Microsoft.AspNetCore.DataProtection.KeyManagement.XmlKeyManager[63]&#xD;
      User profile is available. Using 'C:\Users\admin\AppData\Local\ASP.NET\DataProtection-Keys' as key repository and Windows DPAPI to encrypt keys at rest.&#xD;
info: Microsoft.Hosting.Lifetime[0]&#xD;
      Application started. Press Ctrl+C to shut down.&#xD;
info: Microsoft.Hosting.Lifetime[0]&#xD;
      Hosting environment: Testing&#xD;
info: Microsoft.Hosting.Lifetime[0]&#xD;
      Content root path: D:\Deepak\Thinkschool\Day3\Task7-Testcontainers\QuotesApi&#xD;
info: Microsoft.AspNetCore.Hosting.Diagnostics[1]&#xD;
      Request starting HTTP/1.1 POST http://localhost/api/quotes - application/json;+charset=utf-8 68&#xD;
info: Microsoft.AspNetCore.Routing.EndpointMiddleware[0]&#xD;
      Executing endpoint 'HTTP: POST /api/quotes/'&#xD;
info: Microsoft.EntityFrameworkCore.Database.Command[20101]&#xD;
      Executed DbCommand (8ms) [Parameters=[@p0='?' (Size = 100), @p1='?' (DbType = DateTime2), @p2='?' (DbType = Int32), @p3='?' (Size = 1000)], CommandType='Text', CommandTimeout='30']&#xD;
      SET IMPLICIT_TRANSACTIONS OFF;&#xD;
      SET NOCOUNT ON;&#xD;
      INSERT INTO [Quotes] ([Author], [CreatedAtUtc], [OwnerId], [Text])&#xD;
      OUTPUT INSERTED.[Id]&#xD;
      VALUES (@p0, @p1, @p2, @p3);&#xD;
info: QuotesApi.Quotes[0]&#xD;
      Created quote Id=1 Author=Marcus Aurelius&#xD;
info: Microsoft.AspNetCore.Http.Result.CreatedResult[1]&#xD;
      Setting HTTP status code 201.&#xD;
info: Microsoft.AspNetCore.Http.Result.CreatedResult[3]&#xD;
      Writing value of type 'Quote' as Json.&#xD;
info: Microsoft.AspNetCore.Routing.EndpointMiddleware[1]&#xD;
      Executed endpoint 'HTTP: POST /api/quotes/'&#xD;
info: Microsoft.AspNetCore.Hosting.Diagnostics[2]&#xD;
      Request finished HTTP/1.1 POST http://localhost/api/quotes - 201 - application/json;+charset=utf-8 32.3237ms&#xD;
info: Microsoft.AspNetCore.Hosting.Diagnostics[1]&#xD;
      Request starting HTTP/1.1 GET http://localhost/api/quotes - - -&#xD;
info: Microsoft.AspNetCore.Routing.EndpointMiddleware[0]&#xD;
      Executing endpoint 'HTTP: GET /api/quotes/'&#xD;
info: QuotesApi.Quotes[0]&#xD;
      Getting quotes Page=1 Size=10&#xD;
info: Microsoft.EntityFrameworkCore.Database.Command[20101]&#xD;
      Executed DbCommand (3ms) [Parameters=[], CommandType='Text', CommandTimeout='30']&#xD;
      SELECT COUNT(*)&#xD;
      FROM [Quotes] AS [q]&#xD;
info: Microsoft.EntityFrameworkCore.Database.Command[20101]&#xD;
      Executed DbCommand (2ms) [Parameters=[@p='?' (DbType = Int32), @p1='?' (DbType = Int32)], CommandType='Text', CommandTimeout='30']&#xD;
      SELECT [q].[Id], [q].[Author], [q].[CreatedAtUtc], [q].[OwnerId], [q].[Text]&#xD;
      FROM [Quotes] AS [q]&#xD;
      ORDER BY [q].[Id]&#xD;
      OFFSET @p ROWS FETCH NEXT @p1 ROWS ONLY&#xD;
info: Microsoft.AspNetCore.Http.Result.OkObjectResult[1]&#xD;
      Setting HTTP status code 200.&#xD;
info: Microsoft.AspNetCore.Http.Result.OkObjectResult[3]&#xD;
      Writing value of type '&lt;&gt;f__AnonymousType0`4' as Json.&#xD;
info: Microsoft.AspNetCore.Routing.EndpointMiddleware[1]&#xD;
      Executed endpoint 'HTTP: GET /api/quotes/'&#xD;
info: Microsoft.AspNetCore.Hosting.Diagnostics[2]&#xD;
      Request finished HTTP/1.1 GET http://localhost/api/quotes - 200 - application/json;+charset=utf-8 11.8108ms&#xD;
info: Microsoft.Hosting.Lifetime[0]&#xD;
      Application is shutting down...&#xD;
info: Microsoft.EntityFrameworkCore.Database.Command[20101]&#xD;
      Executed DbCommand (4ms) [Parameters=[@email='?' (Size = 255)], CommandType='Text', CommandTimeout='30']&#xD;
      SELECT CASE&#xD;
          WHEN EXISTS (&#xD;
              SELECT 1&#xD;
              FROM [Users] AS [u]&#xD;
              WHERE [u].[Email] = @email) THEN CAST(1 AS bit)&#xD;
          ELSE CAST(0 AS bit)&#xD;
      END&#xD;
info: Microsoft.EntityFrameworkCore.Database.Command[20101]&#xD;
      Executed DbCommand (9ms) [Parameters=[@p0='?' (Size = 255), @p1='?' (Size = 4000)], CommandType='Text', CommandTimeout='30']&#xD;
      SET IMPLICIT_TRANSACTIONS OFF;&#xD;
      SET NOCOUNT ON;&#xD;
      INSERT INTO [Users] ([Email], [PasswordHash])&#xD;
      OUTPUT INSERTED.[Id]&#xD;
      VALUES (@p0, @p1);&#xD;
info: Microsoft.AspNetCore.DataProtection.KeyManagement.XmlKeyManager[63]&#xD;
      User profile is available. Using 'C:\Users\admin\AppData\Local\ASP.NET\DataProtection-Keys' as key repository and Windows DPAPI to encrypt keys at rest.&#xD;
info: Microsoft.Hosting.Lifetime[0]&#xD;
      Application started. Press Ctrl+C to shut down.&#xD;
info: Microsoft.Hosting.Lifetime[0]&#xD;
      Hosting environment: Testing&#xD;
info: Microsoft.Hosting.Lifetime[0]&#xD;
      Content root path: D:\Deepak\Thinkschool\Day3\Task7-Testcontainers\QuotesApi&#xD;
info: Microsoft.Hosting.Lifetime[0]&#xD;
      Application is shutting down...&#xD;
info: Microsoft.EntityFrameworkCore.Database.Command[20101]&#xD;
      Executed DbCommand (3ms) [Parameters=[@email='?' (Size = 255)], CommandType='Text', CommandTimeout='30']&#xD;
      SELECT CASE&#xD;
          WHEN EXISTS (&#xD;
              SELECT 1&#xD;
              FROM [Users] AS [u]&#xD;
              WHERE [u].[Email] = @email) THEN CAST(1 AS bit)&#xD;
          ELSE CAST(0 AS bit)&#xD;
      END&#xD;
info: Microsoft.EntityFrameworkCore.Database.Command[20101]&#xD;
      Executed DbCommand (9ms) [Parameters=[@p0='?' (Size = 255), @p1='?' (Size = 4000)], CommandType='Text', CommandTimeout='30']&#xD;
      SET IMPLICIT_TRANSACTIONS OFF;&#xD;
      SET NOCOUNT ON;&#xD;
      INSERT INTO [Users] ([Email], [PasswordHash])&#xD;
      OUTPUT INSERTED.[Id]&#xD;
      VALUES (@p0, @p1);&#xD;
info: Microsoft.AspNetCore.DataProtection.KeyManagement.XmlKeyManager[63]&#xD;
      User profile is available. Using 'C:\Users\admin\AppData\Local\ASP.NET\DataProtection-Keys' as key repository and Windows DPAPI to encrypt keys at rest.&#xD;
info: Microsoft.Hosting.Lifetime[0]&#xD;
      Application started. Press Ctrl+C to shut down.&#xD;
info: Microsoft.Hosting.Lifetime[0]&#xD;
      Hosting environment: Testing&#xD;
info: Microsoft.Hosting.Lifetime[0]&#xD;
      Content root path: D:\Deepak\Thinkschool\Day3\Task7-Testcontainers\QuotesApi&#xD;
info: Microsoft.EntityFrameworkCore.Database.Command[20101]&#xD;
      Executed DbCommand (8ms) [Parameters=[@p0='?' (Size = 255), @p1='?' (Size = 4000)], CommandType='Text', CommandTimeout='30']&#xD;
      SET IMPLICIT_TRANSACTIONS OFF;&#xD;
      SET NOCOUNT ON;&#xD;
      INSERT INTO [Users] ([Email], [PasswordHash])&#xD;
      OUTPUT INSERTED.[Id]&#xD;
      VALUES (@p0, @p1);&#xD;
info: Microsoft.EntityFrameworkCore.Database.Command[20101]&#xD;
      Executed DbCommand (2ms) [Parameters=[@p0='?' (Size = 255), @p1='?' (Size = 4000)], CommandType='Text', CommandTimeout='30']&#xD;
      SET IMPLICIT_TRANSACTIONS OFF;&#xD;
      SET NOCOUNT ON;&#xD;
      INSERT INTO [Users] ([Email], [PasswordHash])&#xD;
      OUTPUT INSERTED.[Id]&#xD;
      VALUES (@p0, @p1);&#xD;
fail: Microsoft.EntityFrameworkCore.Update[10000]&#xD;
      An exception occurred in the database while saving changes for context type 'QuotesApi.Data.QuotesDbContext'.&#xD;
      Microsoft.EntityFrameworkCore.DbUpdateException: An error occurred while saving the entity changes. See the inner exception for details.&#xD;
       ---&gt; Microsoft.Data.SqlClient.SqlException (0x80131904): Cannot insert duplicate key row in object 'dbo.Users' with unique index 'IX_Users_Email'. The duplicate key value is (duplicate@quotes.local).&#xD;
         at Microsoft.Data.SqlClient.SqlConnection.OnError(SqlException exception, Boolean breakConnection, Action`1 wrapCloseInAction)&#xD;
         at Microsoft.Data.SqlClient.TdsParser.ThrowExceptionAndWarning(TdsParserStateObject stateObj, SqlCommand command, Boolean callerHasConnectionLock, Boolean asyncClose)&#xD;
         at Microsoft.Data.SqlClient.TdsParser.TryRun(RunBehavior runBehavior, SqlCommand cmdHandler, SqlDataReader dataStream, BulkCopySimpleResultSet bulkCopyHandler, TdsParserStateObject stateObj, Boolean&amp; dataReady)&#xD;
         at Microsoft.Data.SqlClient.SqlDataReader.TryHasMoreRows(Boolean&amp; moreRows)&#xD;
         at Microsoft.Data.SqlClient.SqlDataReader.TryReadInternal(Boolean setTimeout, Boolean&amp; more)&#xD;
         at Microsoft.Data.SqlClient.SqlDataReader.ReadAsyncExecute(Task task, Object state)&#xD;
         at Microsoft.Data.SqlClient.SqlDataReader.InvokeAsyncCall[T](SqlDataReaderBaseAsyncCallContext`1 context)&#xD;
      --- End of stack trace from previous location ---&#xD;
         at Microsoft.EntityFrameworkCore.Update.AffectedCountModificationCommandBatch.ConsumeResultSetAsync(Int32 startCommandIndex, RelationalDataReader reader, CancellationToken cancellationToken)&#xD;
      ClientConnectionId:5828ed99-f26b-4b06-8221-8072f71f15ca&#xD;
      Error Number:2601,State:1,Class:14&#xD;
         --- End of inner exception stack trace ---&#xD;
         at Microsoft.EntityFrameworkCore.Update.AffectedCountModificationCommandBatch.ConsumeResultSetAsync(Int32 startCommandIndex, RelationalDataReader reader, CancellationToken cancellationToken)&#xD;
         at Microsoft.EntityFrameworkCore.Update.AffectedCountModificationCommandBatch.ConsumeAsync(RelationalDataReader reader, CancellationToken cancellationToken)&#xD;
         at Microsoft.EntityFrameworkCore.Update.ReaderModificationCommandBatch.ExecuteAsync(IRelationalConnection connection, CancellationToken cancellationToken)&#xD;
         at Microsoft.EntityFrameworkCore.Update.ReaderModificationCommandBatch.ExecuteAsync(IRelationalConnection connection, CancellationToken cancellationToken)&#xD;
         at Microsoft.EntityFrameworkCore.SqlServer.Update.Internal.SqlServerModificationCommandBatch.ExecuteAsync(IRelationalConnection connection, CancellationToken cancellationToken)&#xD;
         at Microsoft.EntityFrameworkCore.Update.Internal.BatchExecutor.ExecuteAsync(IEnumerable`1 commandBatches, IRelationalConnection connection, CancellationToken cancellationToken)&#xD;
         at Microsoft.EntityFrameworkCore.Update.Internal.BatchExecutor.ExecuteAsync(IEnumerable`1 commandBatches, IRelationalConnection connection, CancellationToken cancellationToken)&#xD;
         at Microsoft.EntityFrameworkCore.Update.Internal.BatchExecutor.ExecuteAsync(IEnumerable`1 commandBatches, IRelationalConnection connection, CancellationToken cancellationToken)&#xD;
         at Microsoft.EntityFrameworkCore.Storage.RelationalDatabase.SaveChangesAsync(IList`1 entries, CancellationToken cancellationToken)&#xD;
         at Microsoft.EntityFrameworkCore.ChangeTracking.Internal.StateManager.SaveChangesAsync(IList`1 entriesToSave, CancellationToken cancellationToken)&#xD;
         at Microsoft.EntityFrameworkCore.ChangeTracking.Internal.StateManager.SaveChangesAsync(StateManager stateManager, Boolean acceptAllChangesOnSuccess, CancellationToken cancellationToken)&#xD;
         at Microsoft.EntityFrameworkCore.SqlServer.Storage.Internal.SqlServerExecutionStrategy.ExecuteAsync[TState,TResult](TState state, Func`4 operation, Func`4 verifySucceeded, CancellationToken cancellationToken)&#xD;
         at Microsoft.EntityFrameworkCore.DbContext.SaveChangesAsync(Boolean acceptAllChangesOnSuccess, CancellationToken cancellationToken)&#xD;
      Microsoft.EntityFrameworkCore.DbUpdateException: An error occurred while saving the entity changes. See the inner exception for details.&#xD;
       ---&gt; Microsoft.Data.SqlClient.SqlException (0x80131904): Cannot insert duplicate key row in object 'dbo.Users' with unique index 'IX_Users_Email'. The duplicate key value is (duplicate@quotes.local).&#xD;
         at Microsoft.Data.SqlClient.SqlConnection.OnError(SqlException exception, Boolean breakConnection, Action`1 wrapCloseInAction)&#xD;
         at Microsoft.Data.SqlClient.TdsParser.ThrowExceptionAndWarning(TdsParserStateObject stateObj, SqlCommand command, Boolean callerHasConnectionLock, Boolean asyncClose)&#xD;
         at Microsoft.Data.SqlClient.TdsParser.TryRun(RunBehavior runBehavior, SqlCommand cmdHandler, SqlDataReader dataStream, BulkCopySimpleResultSet bulkCopyHandler, TdsParserStateObject stateObj, Boolean&amp; dataReady)&#xD;
         at Microsoft.Data.SqlClient.SqlDataReader.TryHasMoreRows(Boolean&amp; moreRows)&#xD;
         at Microsoft.Data.SqlClient.SqlDataReader.TryReadInternal(Boolean setTimeout, Boolean&amp; more)&#xD;
         at Microsoft.Data.SqlClient.SqlDataReader.ReadAsyncExecute(Task task, Object state)&#xD;
         at Microsoft.Data.SqlClient.SqlDataReader.InvokeAsyncCall[T](SqlDataReaderBaseAsyncCallContext`1 context)&#xD;
      --- End of stack trace from previous location ---&#xD;
         at Microsoft.EntityFrameworkCore.Update.AffectedCountModificationCommandBatch.ConsumeResultSetAsync(Int32 startCommandIndex, RelationalDataReader reader, CancellationToken cancellationToken)&#xD;
      ClientConnectionId:5828ed99-f26b-4b06-8221-8072f71f15ca&#xD;
      Error Number:2601,State:1,Class:14&#xD;
         --- End of inner exception stack trace ---&#xD;
         at Microsoft.EntityFrameworkCore.Update.AffectedCountModificationCommandBatch.ConsumeResultSetAsync(Int32 startCommandIndex, RelationalDataReader reader, CancellationToken cancellationToken)&#xD;
         at Microsoft.EntityFrameworkCore.Update.AffectedCountModificationCommandBatch.ConsumeAsync(RelationalDataReader reader, CancellationToken cancellationToken)&#xD;
         at Microsoft.EntityFrameworkCore.Update.ReaderModificationCommandBatch.ExecuteAsync(IRelationalConnection connection, CancellationToken cancellationToken)&#xD;
         at Microsoft.EntityFrameworkCore.Update.ReaderModificationCommandBatch.ExecuteAsync(IRelationalConnection connection, CancellationToken cancellationToken)&#xD;
         at Microsoft.EntityFrameworkCore.SqlServer.Update.Internal.SqlServerModificationCommandBatch.ExecuteAsync(IRelationalConnection connection, CancellationToken cancellationToken)&#xD;
         at Microsoft.EntityFrameworkCore.Update.Internal.BatchExecutor.ExecuteAsync(IEnumerable`1 commandBatches, IRelationalConnection connection, CancellationToken cancellationToken)&#xD;
         at Microsoft.EntityFrameworkCore.Update.Internal.BatchExecutor.ExecuteAsync(IEnumerable`1 commandBatches, IRelationalConnection connection, CancellationToken cancellationToken)&#xD;
         at Microsoft.EntityFrameworkCore.Update.Internal.BatchExecutor.ExecuteAsync(IEnumerable`1 commandBatches, IRelationalConnection connection, CancellationToken cancellationToken)&#xD;
         at Microsoft.EntityFrameworkCore.Storage.RelationalDatabase.SaveChangesAsync(IList`1 entries, CancellationToken cancellationToken)&#xD;
         at Microsoft.EntityFrameworkCore.ChangeTracking.Internal.StateManager.SaveChangesAsync(IList`1 entriesToSave, CancellationToken cancellationToken)&#xD;
         at Microsoft.EntityFrameworkCore.ChangeTracking.Internal.StateManager.SaveChangesAsync(StateManager stateManager, Boolean acceptAllChangesOnSuccess, CancellationToken cancellationToken)&#xD;
         at Microsoft.EntityFrameworkCore.SqlServer.Storage.Internal.SqlServerExecutionStrategy.ExecuteAsync[TState,TResult](TState state, Func`4 operation, Func`4 verifySucceeded, CancellationToken cancellationToken)&#xD;
         at Microsoft.EntityFrameworkCore.DbContext.SaveChangesAsync(Boolean acceptAllChangesOnSuccess, CancellationToken cancellationToken)&#xD;
info: Microsoft.Hosting.Lifetime[0]&#xD;
      Application is shutting down...&#xD;
info: Microsoft.EntityFrameworkCore.Database.Command[20101]&#xD;
      Executed DbCommand (4ms) [Parameters=[@email='?' (Size = 255)], CommandType='Text', CommandTimeout='30']&#xD;
      SELECT CASE&#xD;
          WHEN EXISTS (&#xD;
              SELECT 1&#xD;
              FROM [Users] AS [u]&#xD;
              WHERE [u].[Email] = @email) THEN CAST(1 AS bit)&#xD;
          ELSE CAST(0 AS bit)&#xD;
      END&#xD;
info: Microsoft.EntityFrameworkCore.Database.Command[20101]&#xD;
      Executed DbCommand (8ms) [Parameters=[@p0='?' (Size = 255), @p1='?' (Size = 4000)], CommandType='Text', CommandTimeout='30']&#xD;
      SET IMPLICIT_TRANSACTIONS OFF;&#xD;
      SET NOCOUNT ON;&#xD;
      INSERT INTO [Users] ([Email], [PasswordHash])&#xD;
      OUTPUT INSERTED.[Id]&#xD;
      VALUES (@p0, @p1);&#xD;
info: Microsoft.AspNetCore.DataProtection.KeyManagement.XmlKeyManager[63]&#xD;
      User profile is available. Using 'C:\Users\admin\AppData\Local\ASP.NET\DataProtection-Keys' as key repository and Windows DPAPI to encrypt keys at rest.&#xD;
info: Microsoft.Hosting.Lifetime[0]&#xD;
      Application started. Press Ctrl+C to shut down.&#xD;
info: Microsoft.Hosting.Lifetime[0]&#xD;
      Hosting environment: Testing&#xD;
info: Microsoft.Hosting.Lifetime[0]&#xD;
      Content root path: D:\Deepak\Thinkschool\Day3\Task7-Testcontainers\QuotesApi&#xD;
info: Microsoft.AspNetCore.Hosting.Diagnostics[1]&#xD;
      Request starting HTTP/1.1 POST http://localhost/api/quotes - application/json;+charset=utf-8 66&#xD;
info: Microsoft.AspNetCore.Routing.EndpointMiddleware[0]&#xD;
      Executing endpoint 'HTTP: POST /api/quotes/'&#xD;
info: Microsoft.EntityFrameworkCore.Database.Command[20101]&#xD;
      Executed DbCommand (8ms) [Parameters=[@p0='?' (Size = 100), @p1='?' (DbType = DateTime2), @p2='?' (DbType = Int32), @p3='?' (Size = 1000)], CommandType='Text', CommandTimeout='30']&#xD;
      SET IMPLICIT_TRANSACTIONS OFF;&#xD;
      SET NOCOUNT ON;&#xD;
      INSERT INTO [Quotes] ([Author], [CreatedAtUtc], [OwnerId], [Text])&#xD;
      OUTPUT INSERTED.[Id]&#xD;
      VALUES (@p0, @p1, @p2, @p3);&#xD;
info: QuotesApi.Quotes[0]&#xD;
      Created quote Id=1 Author=Persisted Author&#xD;
info: Microsoft.AspNetCore.Http.Result.CreatedResult[1]&#xD;
      Setting HTTP status code 201.&#xD;
info: Microsoft.AspNetCore.Http.Result.CreatedResult[3]&#xD;
      Writing value of type 'Quote' as Json.&#xD;
info: Microsoft.AspNetCore.Routing.EndpointMiddleware[1]&#xD;
      Executed endpoint 'HTTP: POST /api/quotes/'&#xD;
info: Microsoft.AspNetCore.Hosting.Diagnostics[2]&#xD;
      Request finished HTTP/1.1 POST http://localhost/api/quotes - 201 - application/json;+charset=utf-8 35.4508ms&#xD;
info: Microsoft.Hosting.Lifetime[0]&#xD;
      Application is shutting down...&#xD;
[testcontainers.org 00:01:04.08] Delete Docker container 2c5850e43a34&#xD;
[xUnit.net 00:01:13.68]   Finished:    Quotes.Tests.Integration.Testcontainers&#xD;
</StdOut>
    </Output>
  </ResultSummary>
</TestRun>